Initializing model with arguments:
{'aug': False,
 'base_layers': 2,
 'batch': 4,
 'channel_multiplier': 2,
 'checkpoint_dir': '/no_backups/g013/checkpoints/cityscapes_256',
 'ckpt': None,
 'coarse_channel': 512,
 'coarse_size': 64,
 'd_reg_every': 16,
 'dataset': '/no_backups/g013/data/lmdb_cityscapes_256',
 'depth_layers': 6,
 'detach_texture': False,
 'distributed': False,
 'g_reg_every': 4,
 'inception': '/no_backups/g013/data/inception_cityscapes_256.pkl',
 'iter': 200001,
 'lambda_mask': 100.0,
 'latent': 512,
 'local_channel': 64,
 'local_layers': 10,
 'local_rank': 0,
 'lr': 0.002,
 'min_feat_size': 16,
 'mixing': 0.3,
 'n_gpu': 1,
 'n_mlp': 8,
 'n_sample': 16,
 'num_workers': 8,
 'path_batch_shrink': 2,
 'path_regularize': 0.5,
 'r1_img': 10,
 'r1_seg': 1000,
 'residual_refine': True,
 'save_every': 10000,
 'seg_dim': 9,
 'size': 256,
 'start_iter': 0,
 'transparent_dims': [3],
 'viz_every': 2000}
n_latent: 20, n_latent_expand: 90
Initializing model with arguments:
{'aug': False,
 'base_layers': 2,
 'batch': 4,
 'channel_multiplier': 2,
 'checkpoint_dir': '/no_backups/g013/checkpoints/cityscapes_256',
 'ckpt': None,
 'coarse_channel': 512,
 'coarse_size': 64,
 'd_reg_every': 16,
 'dataset': '/no_backups/g013/data/lmdb_cityscapes_256',
 'depth_layers': 6,
 'detach_texture': False,
 'distributed': False,
 'g_reg_every': 4,
 'inception': '/no_backups/g013/data/inception_cityscapes_256.pkl',
 'iter': 200001,
 'lambda_mask': 100.0,
 'latent': 512,
 'local_channel': 64,
 'local_layers': 10,
 'local_rank': 0,
 'lr': 0.002,
 'min_feat_size': 16,
 'mixing': 0.3,
 'n_gpu': 1,
 'n_mlp': 8,
 'n_sample': 16,
 'num_workers': 8,
 'path_batch_shrink': 2,
 'path_regularize': 0.5,
 'r1_img': 10,
 'r1_seg': 1000,
 'residual_refine': True,
 'save_every': 10000,
 'seg_dim': 9,
 'size': 256,
 'start_iter': 0,
 'transparent_dims': [3],
 'viz_every': 2000}
n_latent: 20, n_latent_expand: 90
Loading train dataloader with size  2975
Start Training...
Start Training Iterations...
[000000] d: 2.1035; g: 5.3026; real: 0.7447; fake: 1.5064; r1_img: 0.0001; r1_seg: 0.0001; path: 0.0682; mean path: 0.0026; mask: 1.0199; time: 15.91
[000100] d: 0.3594; g: 1.9117; real: 2.3454; fake: -1.5360; r1_img: 0.0425; r1_seg: 0.0000; path: 0.0012; mean path: 0.0199; mask: 0.0025; time: 1.80
[000200] d: 0.1686; g: 2.6727; real: 7.0996; fake: -2.0966; r1_img: 0.0260; r1_seg: 0.0000; path: 0.0000; mean path: 0.0243; mask: 0.0024; time: 1.79
[000300] d: 0.0489; g: 3.4482; real: 6.7313; fake: -3.1015; r1_img: 0.0046; r1_seg: 0.0000; path: 0.0001; mean path: 0.0292; mask: 0.0019; time: 1.80
[000400] d: 0.3821; g: 2.7227; real: 4.3920; fake: -3.6957; r1_img: 0.0074; r1_seg: 0.0001; path: 0.0000; mean path: 0.0304; mask: 0.0017; time: 2.53
[000500] d: 1.8101; g: 6.6828; real: 7.4561; fake: 1.6193; r1_img: 0.0087; r1_seg: 0.0000; path: 0.0004; mean path: 0.0300; mask: 0.0079; time: 1.77
[000600] d: 0.0350; g: 4.1317; real: 4.5408; fake: -3.8622; r1_img: 0.0047; r1_seg: 0.0000; path: 0.0002; mean path: 0.0280; mask: 0.0120; time: 1.80
[000700] d: 0.0282; g: 4.4827; real: 7.5369; fake: -3.5948; r1_img: 0.0177; r1_seg: 0.0000; path: 0.0002; mean path: 0.0254; mask: 0.0013; time: 1.79
[000800] d: 0.0217; g: 4.0903; real: 8.1242; fake: -3.8723; r1_img: 0.0038; r1_seg: 0.0000; path: 0.0001; mean path: 0.0258; mask: 0.0011; time: 2.53
[000900] d: 0.7994; g: 3.1954; real: 3.0101; fake: -0.0835; r1_img: 0.0095; r1_seg: 0.0000; path: 0.0001; mean path: 0.0246; mask: 0.0017; time: 1.78
[001000] d: 0.2012; g: 3.7715; real: 5.9782; fake: -1.7249; r1_img: 0.0029; r1_seg: 0.0000; path: 0.0001; mean path: 0.0275; mask: 0.0027; time: 1.78
[001100] d: 0.1780; g: 2.9891; real: 5.9422; fake: -5.4138; r1_img: 0.0115; r1_seg: 0.0000; path: 0.0002; mean path: 0.0314; mask: 0.0016; time: 1.78
[001200] d: 0.3611; g: 2.1081; real: 1.6209; fake: -1.6936; r1_img: 0.0005; r1_seg: 0.0002; path: 0.0000; mean path: 0.0418; mask: 0.0012; time: 2.54
[001300] d: 0.9284; g: 0.8114; real: -0.2329; fake: -2.2111; r1_img: 0.0003; r1_seg: 0.0004; path: 0.0045; mean path: 0.0517; mask: 0.0014; time: 1.78
[001400] d: 0.4674; g: 2.1164; real: 1.2395; fake: -1.7734; r1_img: 0.0004; r1_seg: 0.0002; path: 0.0038; mean path: 0.0584; mask: 0.0014; time: 1.80
[001500] d: 2.2669; g: 14.0723; real: 3.4408; fake: 2.1180; r1_img: 0.0028; r1_seg: 0.0001; path: 0.0003; mean path: 0.0625; mask: 0.0027; time: 1.80
[001600] d: 0.0774; g: 1.8343; real: 3.4793; fake: -3.0645; r1_img: 0.0018; r1_seg: 0.0005; path: 0.0039; mean path: 0.0648; mask: 0.0043; time: 2.56
[001700] d: 0.3056; g: 2.8090; real: 2.2058; fake: -1.5327; r1_img: 0.0007; r1_seg: 0.0002; path: 0.0009; mean path: 0.0650; mask: 0.0017; time: 1.78
[001800] d: 0.3519; g: 2.1051; real: 1.4927; fake: -1.8378; r1_img: 0.0003; r1_seg: 0.0001; path: 0.0035; mean path: 0.0639; mask: 0.0015; time: 1.79
[001900] d: 0.9943; g: 3.4588; real: 2.0084; fake: 0.3027; r1_img: 0.0005; r1_seg: 0.0003; path: 0.0008; mean path: 0.0645; mask: 0.0032; time: 1.78
[002000] d: 0.3597; g: 2.4325; real: 3.0789; fake: -2.3416; r1_img: 0.0040; r1_seg: 0.0001; path: 0.0020; mean path: 0.0614; mask: 0.0014; time: 2.55
[002100] d: 0.0900; g: 4.7604; real: 2.8399; fake: -4.1938; r1_img: 0.0139; r1_seg: 0.0000; path: 0.0011; mean path: 0.0531; mask: 0.0107; time: 1.79
[002200] d: 0.6185; g: 3.8475; real: 1.3058; fake: -0.9072; r1_img: 0.0026; r1_seg: 0.0002; path: 0.0002; mean path: 0.0514; mask: 0.0022; time: 1.79
[002300] d: 0.2434; g: 2.6191; real: 1.8715; fake: -2.6722; r1_img: 0.0028; r1_seg: 0.0005; path: 0.0008; mean path: 0.0544; mask: 0.0020; time: 1.80
[002400] d: 0.6977; g: 0.0401; real: 0.0278; fake: -4.0138; r1_img: 0.0002; r1_seg: 0.0000; path: 0.0016; mean path: 0.0600; mask: 0.0025; time: 2.56
[002500] d: 2.5101; g: 1.1861; real: -2.2752; fake: -5.1302; r1_img: 0.0018; r1_seg: 0.0005; path: 0.0000; mean path: 0.0636; mask: 0.0016; time: 1.79
[002600] d: 0.0562; g: 4.0121; real: 3.5098; fake: -3.6459; r1_img: 0.0002; r1_seg: 0.0002; path: 0.0004; mean path: 0.0696; mask: 0.0083; time: 1.78
[002700] d: 6.3145; g: 0.2187; real: -6.3126; fake: -9.7603; r1_img: 0.0006; r1_seg: 0.0002; path: 0.0002; mean path: 0.0695; mask: 0.0086; time: 1.77
[002800] d: 1.1509; g: 2.8559; real: 1.7428; fake: 0.5029; r1_img: 0.0008; r1_seg: 0.0002; path: 0.0012; mean path: 0.0651; mask: 0.0024; time: 2.55
[002900] d: 0.5663; g: 1.9572; real: 0.7340; fake: -2.0477; r1_img: 0.0006; r1_seg: 0.0011; path: 0.0027; mean path: 0.0616; mask: 0.0026; time: 1.79
[003000] d: 0.0394; g: 4.4345; real: 4.0128; fake: -3.8620; r1_img: 0.0002; r1_seg: 0.0002; path: 0.0071; mean path: 0.0639; mask: 0.0126; time: 1.78
[003100] d: 0.2088; g: 2.9302; real: 3.2942; fake: -1.8351; r1_img: 0.0001; r1_seg: 0.0005; path: 0.0008; mean path: 0.0633; mask: 0.0031; time: 1.79
[003200] d: 0.5380; g: 1.4549; real: 1.6752; fake: -1.2310; r1_img: 0.0002; r1_seg: 0.0002; path: 0.0000; mean path: 0.0631; mask: 0.0009; time: 2.53
[003300] d: 5.1437; g: 0.9298; real: -5.1369; fake: -7.5548; r1_img: 0.0002; r1_seg: 0.0002; path: 0.0003; mean path: 0.0628; mask: 0.0061; time: 1.81
[003400] d: 0.3916; g: 5.5280; real: 3.8196; fake: -0.8138; r1_img: 0.0002; r1_seg: 0.0004; path: 0.0002; mean path: 0.0608; mask: 0.0096; time: 1.80
[003500] d: 1.2802; g: 1.5738; real: 1.9595; fake: 0.6959; r1_img: 0.0010; r1_seg: 0.0002; path: 0.0001; mean path: 0.0587; mask: 0.0005; time: 1.79
[003600] d: 0.1488; g: 2.9272; real: 2.2726; fake: -3.0217; r1_img: 0.0005; r1_seg: 0.0001; path: 0.0022; mean path: 0.0570; mask: 0.0025; time: 2.55
[003700] d: 0.3138; g: 2.2119; real: 2.4545; fake: -1.8419; r1_img: 0.0002; r1_seg: 0.0001; path: 0.0000; mean path: 0.0527; mask: 0.0015; time: 1.80
[003800] d: 2.8353; g: 1.5424; real: 3.7370; fake: 2.7468; r1_img: 0.0002; r1_seg: 0.0002; path: 0.0000; mean path: 0.0536; mask: 0.0010; time: 1.78
[003900] d: 0.8937; g: 2.3174; real: 1.5053; fake: -0.0059; r1_img: 0.0003; r1_seg: 0.0000; path: 0.0002; mean path: 0.0566; mask: 0.0024; time: 1.78
[004000] d: 4.5462; g: 1.0378; real: -4.5286; fake: -6.2418; r1_img: 0.0001; r1_seg: 0.0001; path: 0.0001; mean path: 0.0584; mask: 0.0020; time: 2.53
[004100] d: 0.1396; g: 3.1879; real: 2.5801; fake: -3.0119; r1_img: 0.0005; r1_seg: 0.0001; path: 0.0000; mean path: 0.0557; mask: 0.0037; time: 1.77
[004200] d: 0.1751; g: 2.8209; real: 2.4763; fake: -2.6087; r1_img: 0.0006; r1_seg: 0.0001; path: 0.0001; mean path: 0.0584; mask: 0.0031; time: 1.78
[004300] d: 0.9515; g: 1.0211; real: -0.0763; fake: -1.4305; r1_img: 0.0009; r1_seg: 0.0001; path: 0.0000; mean path: 0.0608; mask: 0.0017; time: 1.78
[004400] d: 3.3809; g: 0.7655; real: -3.2708; fake: -6.3512; r1_img: 0.0003; r1_seg: 0.0004; path: 0.0003; mean path: 0.0654; mask: 0.0037; time: 2.54
[004500] d: 0.6871; g: 1.2919; real: 0.9605; fake: -1.5562; r1_img: 0.0013; r1_seg: 0.0003; path: 0.0000; mean path: 0.0674; mask: 0.0009; time: 1.79
[004600] d: 0.4644; g: 3.2136; real: 2.4917; fake: -1.0238; r1_img: 0.0003; r1_seg: 0.0004; path: 0.0002; mean path: 0.0684; mask: 0.0013; time: 1.78
[004700] d: 0.3525; g: 2.1080; real: 2.4528; fake: -1.3843; r1_img: 0.0014; r1_seg: 0.0001; path: 0.0013; mean path: 0.0652; mask: 0.0010; time: 1.80
[004800] d: 0.0740; g: 2.7484; real: 3.6671; fake: -3.0715; r1_img: 0.0009; r1_seg: 0.0001; path: 0.0003; mean path: 0.0659; mask: 0.0029; time: 2.56
[004900] d: 0.2179; g: 2.3840; real: 2.8223; fake: -2.0914; r1_img: 0.0006; r1_seg: 0.0003; path: 0.0009; mean path: 0.0662; mask: 0.0007; time: 1.79
[005000] d: 0.1196; g: 3.6335; real: 2.1721; fake: -4.5425; r1_img: 0.0005; r1_seg: 0.0001; path: 0.0003; mean path: 0.0672; mask: 0.0211; time: 1.77
[005100] d: 0.4368; g: 6.5692; real: 3.8986; fake: -0.7628; r1_img: 0.0002; r1_seg: 0.0000; path: 0.0021; mean path: 0.0659; mask: 0.0175; time: 1.78
[005200] d: 0.5581; g: 2.3778; real: 2.6007; fake: -0.5009; r1_img: 0.0005; r1_seg: 0.0006; path: 0.0012; mean path: 0.0666; mask: 0.0058; time: 2.53
[005300] d: 0.2761; g: 2.3694; real: 2.0753; fake: -1.8212; r1_img: 0.0008; r1_seg: 0.0002; path: 0.0014; mean path: 0.0694; mask: 0.0016; time: 1.78
[005400] d: 0.0471; g: 3.9430; real: 4.2945; fake: -3.7953; r1_img: 0.0007; r1_seg: 0.0001; path: 0.0018; mean path: 0.0718; mask: 0.0064; time: 1.77
[005500] d: 0.7666; g: 2.6378; real: 2.3754; fake: -0.0851; r1_img: 0.0007; r1_seg: 0.0002; path: 0.0026; mean path: 0.0697; mask: 0.0039; time: 1.79
[005600] d: 0.3437; g: 0.3709; real: 4.3268; fake: -1.0059; r1_img: 0.0003; r1_seg: 0.0020; path: 0.0021; mean path: 0.0705; mask: 0.0082; time: 2.54
[005700] d: 0.9587; g: 1.6114; real: 1.4824; fake: 0.0715; r1_img: 0.0004; r1_seg: 0.0001; path: 0.0002; mean path: 0.0712; mask: 0.0006; time: 1.77
[005800] d: 1.8899; g: 0.7682; real: -1.4557; fake: -7.2050; r1_img: 0.0021; r1_seg: 0.0001; path: 0.0001; mean path: 0.0657; mask: 0.0070; time: 1.77
[005900] d: 0.3555; g: 2.2670; real: 1.6894; fake: -2.0228; r1_img: 0.0016; r1_seg: 0.0004; path: 0.0003; mean path: 0.0625; mask: 0.0018; time: 1.80
[006000] d: 0.4620; g: 2.1884; real: 2.1804; fake: -1.3642; r1_img: 0.0006; r1_seg: 0.0000; path: 0.0004; mean path: 0.0617; mask: 0.0027; time: 2.54
[006100] d: 0.1088; g: 3.3153; real: 3.1697; fake: -2.7020; r1_img: 0.0012; r1_seg: 0.0001; path: 0.0003; mean path: 0.0632; mask: 0.0054; time: 1.80
[006200] d: 0.5627; g: 2.9421; real: 0.5653; fake: -2.1376; r1_img: 0.0018; r1_seg: 0.0003; path: 0.0004; mean path: 0.0607; mask: 0.0155; time: 1.82
[006300] d: 0.0802; g: 3.8842; real: 3.2593; fake: -3.5368; r1_img: 0.0021; r1_seg: 0.0001; path: 0.0000; mean path: 0.0616; mask: 0.0160; time: 1.78
[006400] d: 3.2169; g: 0.9907; real: 3.9657; fake: 3.1549; r1_img: 0.0006; r1_seg: 0.0001; path: 0.0006; mean path: 0.0591; mask: 0.0018; time: 2.53
[006500] d: 0.5295; g: 2.1389; real: 1.5065; fake: -0.9792; r1_img: 0.0010; r1_seg: 0.0000; path: 0.0001; mean path: 0.0585; mask: 0.0009; time: 1.78
[006600] d: 0.1578; g: 3.9735; real: 2.6615; fake: -2.5044; r1_img: 0.0021; r1_seg: 0.0008; path: 0.0002; mean path: 0.0575; mask: 0.0042; time: 1.77
[006700] d: 0.0667; g: 4.3588; real: 3.5350; fake: -3.2754; r1_img: 0.0009; r1_seg: 0.0005; path: 0.0006; mean path: 0.0586; mask: 0.0207; time: 1.80
[006800] d: 0.2236; g: 0.5860; real: 2.4138; fake: -1.9893; r1_img: 0.0012; r1_seg: 0.0005; path: 0.0003; mean path: 0.0581; mask: 0.0159; time: 2.54
[006900] d: 0.6824; g: 1.6298; real: 2.0945; fake: -0.4779; r1_img: 0.0016; r1_seg: 0.0002; path: 0.0008; mean path: 0.0583; mask: 0.0014; time: 1.77
[007000] d: 0.3922; g: 1.3651; real: 1.2209; fake: -2.4339; r1_img: 0.0005; r1_seg: 0.0013; path: 0.0001; mean path: 0.0587; mask: 0.0012; time: 1.79
[007100] d: 0.1853; g: 2.9349; real: 2.1874; fake: -3.2044; r1_img: 0.0018; r1_seg: 0.0002; path: 0.0042; mean path: 0.0620; mask: 0.0029; time: 1.80
[007200] d: 0.3809; g: 1.9532; real: 2.2188; fake: -1.8549; r1_img: 0.0005; r1_seg: 0.0000; path: 0.0032; mean path: 0.0651; mask: 0.0005; time: 2.53
[007300] d: 0.0301; g: 4.5553; real: 4.0999; fake: -4.4710; r1_img: 0.0007; r1_seg: 0.0001; path: 0.0015; mean path: 0.0647; mask: 0.0106; time: 1.78
[007400] d: 0.8790; g: 0.3286; real: -0.2951; fake: -3.6138; r1_img: 0.0009; r1_seg: 0.0002; path: 0.0013; mean path: 0.0617; mask: 0.0088; time: 1.77
[007500] d: 0.0771; g: 3.5866; real: 3.3913; fake: -3.1320; r1_img: 0.0011; r1_seg: 0.0002; path: 0.0003; mean path: 0.0601; mask: 0.0064; time: 1.81
[007600] d: 8.6515; g: 0.0602; real: -8.6513; fake: -10.1565; r1_img: 0.0004; r1_seg: 0.0000; path: 0.0003; mean path: 0.0588; mask: 0.0284; time: 2.55
[007700] d: 0.2446; g: 2.5683; real: 2.2791; fake: -1.8619; r1_img: 0.0011; r1_seg: 0.0000; path: 0.0017; mean path: 0.0557; mask: 0.0020; time: 1.77
[007800] d: 0.2418; g: 2.4137; real: 1.8790; fake: -2.3020; r1_img: 0.0017; r1_seg: 0.0006; path: 0.0001; mean path: 0.0533; mask: 0.0021; time: 1.77
[007900] d: 0.0515; g: 4.0514; real: 3.7440; fake: -3.5691; r1_img: 0.0009; r1_seg: 0.0001; path: 0.0006; mean path: 0.0546; mask: 0.0100; time: 1.77
[008000] d: 0.0448; g: 1.1288; real: 3.4582; fake: -4.3845; r1_img: 0.0020; r1_seg: 0.0002; path: 0.0010; mean path: 0.0539; mask: 0.0043; time: 2.53
[008100] d: 0.5760; g: 2.3181; real: 1.2250; fake: -0.9997; r1_img: 0.0009; r1_seg: 0.0007; path: 0.0002; mean path: 0.0565; mask: 0.0017; time: 1.77
[008200] d: 0.7688; g: 0.8493; real: 0.2006; fake: -1.7504; r1_img: 0.0012; r1_seg: 0.0003; path: 0.0011; mean path: 0.0576; mask: 0.0022; time: 1.76
[008300] d: 0.4268; g: 1.4987; real: 0.7897; fake: -3.2299; r1_img: 0.0008; r1_seg: 0.0004; path: 0.0003; mean path: 0.0572; mask: 0.0029; time: 1.77
[008400] d: 0.5991; g: 3.0611; real: 1.9133; fake: -0.8814; r1_img: 0.0067; r1_seg: 0.0002; path: 0.0012; mean path: 0.0545; mask: 0.0054; time: 2.52
[008500] d: 0.9963; g: 0.6286; real: -0.2895; fake: -2.1099; r1_img: 0.0038; r1_seg: 0.0075; path: 0.0001; mean path: 0.0531; mask: 0.0052; time: 1.80
[008600] d: 0.2883; g: 2.6018; real: 2.0951; fake: -1.7658; r1_img: 0.0016; r1_seg: 0.0002; path: 0.0001; mean path: 0.0544; mask: 0.0039; time: 1.77
[008700] d: 1.0622; g: 1.1548; real: -0.1373; fake: -1.0624; r1_img: 0.0018; r1_seg: 0.0001; path: 0.0003; mean path: 0.0550; mask: 0.0025; time: 1.78
[008800] d: 0.5800; g: 2.5311; real: 1.9295; fake: -0.6091; r1_img: 0.0069; r1_seg: 0.0001; path: 0.0011; mean path: 0.0504; mask: 0.0019; time: 2.54
[008900] d: 0.7887; g: 1.1399; real: 0.0483; fake: -2.3158; r1_img: 0.0083; r1_seg: 0.0057; path: 0.0001; mean path: 0.0476; mask: 0.0037; time: 1.78
[009000] d: 0.2845; g: 2.9249; real: 1.7809; fake: -2.1384; r1_img: 0.0039; r1_seg: 0.0002; path: 0.0001; mean path: 0.0456; mask: 0.0020; time: 1.78
[009100] d: 3.9956; g: 1.6808; real: 3.7375; fake: 3.9520; r1_img: 0.0055; r1_seg: 0.0003; path: 0.0001; mean path: 0.0457; mask: 0.0483; time: 1.77
[009200] d: 0.0500; g: 3.6007; real: 3.9286; fake: -3.4930; r1_img: 0.0012; r1_seg: 0.0000; path: 0.0047; mean path: 0.0464; mask: 0.0015; time: 2.53
[009300] d: 0.4413; g: 1.8377; real: 1.6003; fake: -1.2473; r1_img: 0.0016; r1_seg: 0.0004; path: 0.0005; mean path: 0.0443; mask: 0.0015; time: 1.77
[009400] d: 0.1218; g: 3.3246; real: 2.7084; fake: -2.8550; r1_img: 0.0091; r1_seg: 0.0000; path: 0.0005; mean path: 0.0435; mask: 0.0024; time: 1.77
[009500] d: 0.8372; g: 0.5741; real: -0.1250; fake: -3.3151; r1_img: 0.0035; r1_seg: 0.0000; path: 0.0003; mean path: 0.0404; mask: 0.0100; time: 1.79
[009600] d: 0.5310; g: 2.2768; real: 2.9147; fake: -0.5347; r1_img: 0.0029; r1_seg: 0.0001; path: 0.0003; mean path: 0.0419; mask: 0.0017; time: 2.55
[009700] d: 0.8235; g: 1.0145; real: -0.0955; fake: -2.7172; r1_img: 0.0024; r1_seg: 0.0145; path: 0.0005; mean path: 0.0426; mask: 0.0025; time: 1.78
[009800] d: 0.6323; g: 1.4666; real: 1.0509; fake: -1.2079; r1_img: 0.0032; r1_seg: 0.0019; path: 0.0023; mean path: 0.0427; mask: 0.0013; time: 1.76
[009900] d: 0.2457; g: 2.2700; real: 1.9917; fake: -2.1085; r1_img: 0.0026; r1_seg: 0.0002; path: 0.0019; mean path: 0.0445; mask: 0.0030; time: 1.76
[010000] d: 0.8504; g: 2.7743; real: -0.2580; fake: -4.7212; r1_img: 0.0015; r1_seg: 0.0000; path: 0.0004; mean path: 0.0447; mask: 0.0033; time: 2.53
==================Start calculating FID==================
Gathering activations...
2000/10000
4000/10000
6000/10000
8000/10000
10000/10000
Calculating Inception Score...
Calculating means and covariances...
Covariances calculated, getting FID...
[val] iteration 010000: FID: 250.7391, IS_mean: 1.7543, IS_std: 0.0208
[010100] d: 1.0682; g: 0.8754; real: 0.1462; fake: -0.6222; r1_img: 0.0006; r1_seg: 0.0010; path: 0.0000; mean path: 0.0433; mask: 0.0016; time: 1.78
[010200] d: 1.8325; g: 2.1299; real: 1.3520; fake: 1.3774; r1_img: 0.0019; r1_seg: 0.0001; path: 0.0001; mean path: 0.0435; mask: 0.0017; time: 1.79
[010300] d: 0.7503; g: 2.3475; real: 0.7574; fake: -0.8208; r1_img: 0.0010; r1_seg: 0.0001; path: 0.0002; mean path: 0.0441; mask: 0.0013; time: 1.76
[010400] d: 0.0898; g: 0.1778; real: 4.1634; fake: -2.6157; r1_img: 0.0014; r1_seg: 0.0444; path: 0.0001; mean path: 0.0433; mask: 0.0640; time: 2.54
[010500] d: 1.0019; g: 1.3532; real: 0.4587; fake: -0.4239; r1_img: 0.0035; r1_seg: 0.0000; path: 0.0002; mean path: 0.0429; mask: 0.0006; time: 1.78
[010600] d: 0.1213; g: 3.3666; real: 3.1864; fake: -2.5039; r1_img: 0.0045; r1_seg: 0.0001; path: 0.0005; mean path: 0.0427; mask: 0.0057; time: 1.78
[010700] d: 1.8166; g: 2.1170; real: 2.9513; fake: 1.5519; r1_img: 0.0091; r1_seg: 0.0002; path: 0.0003; mean path: 0.0444; mask: 0.0003; time: 1.77
[010800] d: 0.2722; g: 2.2502; real: 1.6477; fake: -2.3699; r1_img: 0.0045; r1_seg: 0.0001; path: 0.0000; mean path: 0.0455; mask: 0.0026; time: 2.53
[010900] d: 0.9511; g: 0.8334; real: -0.2092; fake: -1.8802; r1_img: 0.0047; r1_seg: 0.0003; path: 0.0052; mean path: 0.0472; mask: 0.0010; time: 1.77
[011000] d: 0.9384; g: 2.0779; real: 2.2086; fake: 0.2520; r1_img: 0.0065; r1_seg: 0.0001; path: 0.0009; mean path: 0.0485; mask: 0.0009; time: 1.78
[011100] d: 0.1005; g: 3.9948; real: 2.7918; fake: -3.2880; r1_img: 0.0040; r1_seg: 0.0000; path: 0.0005; mean path: 0.0476; mask: 0.0036; time: 1.78
[011200] d: 0.0607; g: 0.4963; real: 3.3299; fake: -3.6573; r1_img: 0.0015; r1_seg: 0.0003; path: 0.0000; mean path: 0.0457; mask: 0.0035; time: 2.52
[011300] d: 0.3591; g: 2.9556; real: 1.1514; fake: -2.8924; r1_img: 0.0016; r1_seg: 0.0001; path: 0.0012; mean path: 0.0450; mask: 0.0007; time: 1.77
[011400] d: 1.1027; g: 1.5965; real: 0.9501; fake: 0.1508; r1_img: 0.0022; r1_seg: 0.0000; path: 0.0000; mean path: 0.0465; mask: 0.0115; time: 1.77
[011500] d: 0.0634; g: 3.6257; real: 3.4276; fake: -3.4759; r1_img: 0.0017; r1_seg: 0.0001; path: 0.0004; mean path: 0.0468; mask: 0.0081; time: 1.78
[011600] d: 0.0154; g: 5.2184; real: 5.0841; fake: -4.7193; r1_img: 0.0017; r1_seg: 0.0000; path: 0.0000; mean path: 0.0490; mask: 0.0043; time: 2.55
[011700] d: 0.0725; g: 3.5768; real: 3.4292; fake: -3.2283; r1_img: 0.0058; r1_seg: 0.0000; path: 0.0000; mean path: 0.0455; mask: 0.0035; time: 1.77
[011800] d: 2.5929; g: 1.2304; real: 2.4905; fake: 2.4115; r1_img: 0.0013; r1_seg: 0.0007; path: 0.0001; mean path: 0.0451; mask: 0.0476; time: 1.77
[011900] d: 0.1020; g: 3.2459; real: 2.8566; fake: -3.0723; r1_img: 0.0018; r1_seg: 0.0005; path: 0.0002; mean path: 0.0446; mask: 0.0052; time: 1.79
[012000] d: 0.3711; g: 0.8564; real: 2.3407; fake: -1.1927; r1_img: 0.0062; r1_seg: 0.0006; path: 0.0000; mean path: 0.0444; mask: 0.0025; time: 2.52
[012100] d: 0.5622; g: 1.5515; real: 1.2636; fake: -1.0340; r1_img: 0.0027; r1_seg: 0.0009; path: 0.0002; mean path: 0.0447; mask: 0.0010; time: 1.77
[012200] d: 0.2045; g: 2.5741; real: 1.8273; fake: -2.9381; r1_img: 0.0026; r1_seg: 0.0006; path: 0.0007; mean path: 0.0453; mask: 0.0066; time: 1.79
[012300] d: 0.1794; g: 2.9379; real: 2.1577; fake: -2.7869; r1_img: 0.0026; r1_seg: 0.0004; path: 0.0001; mean path: 0.0465; mask: 0.0027; time: 1.77
[012400] d: 0.5809; g: 1.0876; real: 2.3778; fake: -0.4569; r1_img: 0.0022; r1_seg: 0.0034; path: 0.0001; mean path: 0.0475; mask: 0.0052; time: 2.53
[012500] d: 1.0093; g: 0.7180; real: -0.2817; fake: -1.7254; r1_img: 0.0064; r1_seg: 0.0002; path: 0.0000; mean path: 0.0465; mask: 0.0015; time: 1.78
[012600] d: 0.7103; g: 1.7076; real: 1.0930; fake: -0.8146; r1_img: 0.0010; r1_seg: 0.0001; path: 0.0013; mean path: 0.0477; mask: 0.0005; time: 1.78
[012700] d: 1.2770; g: 2.2733; real: 1.4725; fake: 0.6378; r1_img: 0.0017; r1_seg: 0.0048; path: 0.0007; mean path: 0.0489; mask: 0.0010; time: 1.79
[012800] d: 0.0699; g: 2.6813; real: 3.0736; fake: -3.8602; r1_img: 0.0021; r1_seg: 0.0002; path: 0.0004; mean path: 0.0516; mask: 0.0075; time: 2.55
[012900] d: 0.4071; g: 2.6192; real: 0.9019; fake: -2.8057; r1_img: 0.0018; r1_seg: 0.0003; path: 0.0005; mean path: 0.0504; mask: 0.0017; time: 1.79
[013000] d: 0.8749; g: 1.2258; real: 0.0331; fake: -1.6325; r1_img: 0.0139; r1_seg: 0.0001; path: 0.0004; mean path: 0.0513; mask: 0.0008; time: 1.77
[013100] d: 0.0985; g: 3.3987; real: 2.9465; fake: -3.0455; r1_img: 0.0019; r1_seg: 0.0003; path: 0.0015; mean path: 0.0528; mask: 0.0044; time: 1.78
[013200] d: 0.2648; g: 1.9884; real: 1.8711; fake: -2.1613; r1_img: 0.0038; r1_seg: 0.0002; path: 0.0012; mean path: 0.0526; mask: 0.0025; time: 2.53
[013300] d: 0.0815; g: 3.6232; real: 2.9186; fake: -3.5494; r1_img: 0.0019; r1_seg: 0.0001; path: 0.0001; mean path: 0.0540; mask: 0.0061; time: 1.79
[013400] d: 0.1469; g: 4.4407; real: 3.3482; fake: -2.1559; r1_img: 0.0057; r1_seg: 0.0000; path: 0.0000; mean path: 0.0535; mask: 0.0028; time: 1.77
[013500] d: 0.0058; g: 6.8012; real: 5.4060; fake: -6.6283; r1_img: 0.0008; r1_seg: 0.0000; path: 0.0006; mean path: 0.0594; mask: 0.0080; time: 1.77
[013600] d: 14.2795; g: 0.2114; real: -14.2795; fake: -14.1520; r1_img: 0.0013; r1_seg: 0.0001; path: 0.0001; mean path: 0.0559; mask: 0.0219; time: 2.54
[013700] d: 0.0707; g: 3.6159; real: 3.2316; fake: -3.4660; r1_img: 0.0012; r1_seg: 0.0001; path: 0.0003; mean path: 0.0538; mask: 0.0137; time: 1.79
[013800] d: 0.0928; g: 3.5283; real: 3.2366; fake: -2.9497; r1_img: 0.0038; r1_seg: 0.0000; path: 0.0005; mean path: 0.0523; mask: 0.0014; time: 1.79
[013900] d: 6.1370; g: 0.1857; real: -6.1333; fake: -6.4955; r1_img: 0.0010; r1_seg: 0.0000; path: 0.0001; mean path: 0.0513; mask: 0.0027; time: 1.84
[014000] d: 0.0516; g: 0.5159; real: 3.2884; fake: -4.2644; r1_img: 0.0018; r1_seg: 0.0003; path: 0.0003; mean path: 0.0512; mask: 0.0130; time: 2.54
[014100] d: 0.0678; g: 3.7224; real: 3.5256; fake: -3.2932; r1_img: 0.0040; r1_seg: 0.0001; path: 0.0003; mean path: 0.0504; mask: 0.0044; time: 1.77
[014200] d: 0.0069; g: 6.9532; real: 5.1323; fake: -6.9006; r1_img: 0.0016; r1_seg: 0.0000; path: 0.0004; mean path: 0.0521; mask: 0.0057; time: 1.78
[014300] d: 0.1272; g: 3.1910; real: 2.4769; fake: -3.0778; r1_img: 0.0107; r1_seg: 0.0001; path: 0.0000; mean path: 0.0519; mask: 0.0016; time: 1.77
[014400] d: 0.2063; g: 1.8660; real: 1.8424; fake: -2.8576; r1_img: 0.0026; r1_seg: 0.0001; path: 0.0000; mean path: 0.0521; mask: 0.0072; time: 2.51
[014500] d: 0.7692; g: 1.5604; real: 0.8376; fake: -0.7958; r1_img: 0.0099; r1_seg: 0.0002; path: 0.0042; mean path: 0.0528; mask: 0.0014; time: 1.77
[014600] d: 0.6276; g: 2.5176; real: 1.4652; fake: -0.7124; r1_img: 0.0040; r1_seg: 0.0001; path: 0.0002; mean path: 0.0543; mask: 0.0009; time: 1.76
[014700] d: 0.5944; g: 2.6885; real: 1.6402; fake: -0.7050; r1_img: 0.0045; r1_seg: 0.0003; path: 0.0004; mean path: 0.0546; mask: 0.0024; time: 1.76
[014800] d: 0.1073; g: 0.5261; real: 2.8275; fake: -2.9910; r1_img: 0.0049; r1_seg: 0.0005; path: 0.0055; mean path: 0.0566; mask: 0.0065; time: 2.52
[014900] d: 0.5697; g: 1.2559; real: 0.6486; fake: -1.8636; r1_img: 0.0016; r1_seg: 0.0007; path: 0.0003; mean path: 0.0596; mask: 0.0025; time: 1.78
[015000] d: 0.2174; g: 2.5243; real: 2.0537; fake: -2.2889; r1_img: 0.0016; r1_seg: 0.0005; path: 0.0005; mean path: 0.0621; mask: 0.0039; time: 1.79
[015100] d: 0.0895; g: 3.3927; real: 2.6930; fake: -3.7866; r1_img: 0.0019; r1_seg: 0.0001; path: 0.0081; mean path: 0.0636; mask: 0.0030; time: 1.78
[015200] d: 0.1647; g: 3.0379; real: 2.0326; fake: -3.2012; r1_img: 0.0056; r1_seg: 0.0001; path: 0.0007; mean path: 0.0628; mask: 0.0028; time: 2.53
[015300] d: 0.2867; g: 2.1855; real: 1.9124; fake: -1.8363; r1_img: 0.0011; r1_seg: 0.0001; path: 0.0013; mean path: 0.0623; mask: 0.0015; time: 1.78
[015400] d: 0.0717; g: 3.6830; real: 3.1739; fake: -3.5061; r1_img: 0.0010; r1_seg: 0.0001; path: 0.0060; mean path: 0.0629; mask: 0.0047; time: 1.77
[015500] d: 1.0610; g: 0.7088; real: -0.0277; fake: -1.0633; r1_img: 0.0009; r1_seg: 0.0071; path: 0.0006; mean path: 0.0613; mask: 0.0004; time: 1.77
[015600] d: 0.1568; g: 0.1899; real: 2.5216; fake: -2.4997; r1_img: 0.0028; r1_seg: 0.0023; path: 0.0003; mean path: 0.0612; mask: 0.0083; time: 2.51
[015700] d: 0.3610; g: 2.0450; real: 2.2993; fake: -1.2488; r1_img: 0.0019; r1_seg: 0.0003; path: 0.0001; mean path: 0.0616; mask: 0.0007; time: 1.76
[015800] d: 0.4509; g: 1.5226; real: 0.9551; fake: -2.0926; r1_img: 0.0015; r1_seg: 0.0007; path: 0.0002; mean path: 0.0599; mask: 0.0015; time: 1.78
[015900] d: 0.2877; g: 2.2736; real: 2.0698; fake: -1.7206; r1_img: 0.0020; r1_seg: 0.0000; path: 0.0008; mean path: 0.0587; mask: 0.0007; time: 1.76
[016000] d: 1.0442; g: 1.4620; real: 1.6853; fake: 0.3186; r1_img: 0.0625; r1_seg: 0.0001; path: 0.0008; mean path: 0.0585; mask: 0.0010; time: 2.54
[016100] d: 0.9526; g: 1.1533; real: 0.4760; fake: -0.5167; r1_img: 0.0007; r1_seg: 0.0001; path: 0.0004; mean path: 0.0622; mask: 0.0004; time: 1.78
[016200] d: 0.8123; g: 1.5824; real: 0.9573; fake: -0.5135; r1_img: 0.0023; r1_seg: 0.0000; path: 0.0003; mean path: 0.0635; mask: 0.0013; time: 1.78
[016300] d: 0.7137; g: 2.2481; real: 1.7197; fake: -0.4128; r1_img: 0.0011; r1_seg: 0.0000; path: 0.0008; mean path: 0.0610; mask: 0.0008; time: 1.76
[016400] d: 0.9012; g: 1.5535; real: 0.5213; fake: -0.6335; r1_img: 0.0058; r1_seg: 0.0002; path: 0.0014; mean path: 0.0607; mask: 0.0003; time: 2.52
[016500] d: 0.6402; g: 1.8083; real: 0.7128; fake: -1.3668; r1_img: 0.0029; r1_seg: 0.0004; path: 0.0002; mean path: 0.0597; mask: 0.0020; time: 1.76
[016600] d: 0.1125; g: 3.0516; real: 2.9438; fake: -2.7790; r1_img: 0.0022; r1_seg: 0.0001; path: 0.0002; mean path: 0.0602; mask: 0.0034; time: 1.76
[016700] d: 1.2933; g: 2.3136; real: 2.4088; fake: 0.7940; r1_img: 0.0033; r1_seg: 0.0050; path: 0.0005; mean path: 0.0598; mask: 0.0014; time: 1.76
[016800] d: 0.0925; g: 0.8100; real: 2.8011; fake: -3.4022; r1_img: 0.0028; r1_seg: 0.0002; path: 0.0037; mean path: 0.0615; mask: 0.0081; time: 2.51
[016900] d: 0.9258; g: 1.0352; real: 0.9865; fake: -0.2147; r1_img: 0.0034; r1_seg: 0.0009; path: 0.0010; mean path: 0.0585; mask: 0.0008; time: 1.77
[017000] d: 0.6720; g: 1.1823; real: 0.1983; fake: -2.9121; r1_img: 0.0033; r1_seg: 0.0002; path: 0.0017; mean path: 0.0562; mask: 0.0014; time: 1.78
[017100] d: 0.2283; g: 2.8928; real: 2.0652; fake: -2.2203; r1_img: 0.0033; r1_seg: 0.0001; path: 0.0004; mean path: 0.0550; mask: 0.0046; time: 1.76
[017200] d: 0.1884; g: 0.9048; real: 2.3001; fake: -2.3854; r1_img: 0.0027; r1_seg: 0.0004; path: 0.0002; mean path: 0.0553; mask: 0.0027; time: 2.52
[017300] d: 0.0460; g: 5.5968; real: 3.1743; fake: -5.6037; r1_img: 0.0036; r1_seg: 0.0001; path: 0.0007; mean path: 0.0573; mask: 0.0017; time: 1.76
[017400] d: 0.1016; g: 3.6033; real: 2.6622; fake: -3.4424; r1_img: 0.0025; r1_seg: 0.0001; path: 0.0003; mean path: 0.0591; mask: 0.0072; time: 1.76
[017500] d: 0.9448; g: 1.3126; real: 0.5283; fake: -0.5036; r1_img: 0.0022; r1_seg: 0.0001; path: 0.0015; mean path: 0.0582; mask: 0.0012; time: 1.75
[017600] d: 5.1404; g: 0.6165; real: -5.1330; fake: -6.5151; r1_img: 0.0013; r1_seg: 0.0002; path: 0.0003; mean path: 0.0587; mask: 0.0031; time: 2.57
[017700] d: 0.1610; g: 2.8822; real: 2.5010; fake: -2.4920; r1_img: 0.0034; r1_seg: 0.0002; path: 0.0010; mean path: 0.0578; mask: 0.0026; time: 1.76
[017800] d: 0.1164; g: 3.4246; real: 2.6862; fake: -2.9760; r1_img: 0.0031; r1_seg: 0.0001; path: 0.0003; mean path: 0.0582; mask: 0.0054; time: 1.75
[017900] d: 0.1906; g: 2.7114; real: 1.8483; fake: -3.1800; r1_img: 0.0026; r1_seg: 0.0001; path: 0.0001; mean path: 0.0575; mask: 0.0054; time: 1.77
[018000] d: 0.0905; g: 0.7806; real: 3.0017; fake: -3.1904; r1_img: 0.0037; r1_seg: 0.0003; path: 0.0003; mean path: 0.0584; mask: 0.0090; time: 2.54
[018100] d: 0.2138; g: 2.7054; real: 1.7139; fake: -3.0217; r1_img: 0.0021; r1_seg: 0.0002; path: 0.0003; mean path: 0.0588; mask: 0.0021; time: 1.76
[018200] d: 1.0174; g: 1.9491; real: 1.1903; fake: 0.0948; r1_img: 0.0045; r1_seg: 0.0001; path: 0.0005; mean path: 0.0591; mask: 0.0006; time: 1.76
[018300] d: 0.1060; g: 3.4703; real: 2.8489; fake: -3.0089; r1_img: 0.0034; r1_seg: 0.0001; path: 0.0019; mean path: 0.0616; mask: 0.0033; time: 1.76
[018400] d: 0.0085; g: 5.8362; real: 5.1226; fake: -6.1226; r1_img: 0.0029; r1_seg: 0.0000; path: 0.0096; mean path: 0.0656; mask: 0.0015; time: 2.52
[018500] d: 1.3976; g: 0.7120; real: 0.6345; fake: 0.4960; r1_img: 0.0010; r1_seg: 0.0001; path: 0.0009; mean path: 0.0637; mask: 0.0013; time: 1.76
[018600] d: 0.2128; g: 3.5378; real: 2.1405; fake: -2.3124; r1_img: 0.0018; r1_seg: 0.0000; path: 0.0004; mean path: 0.0627; mask: 0.0115; time: 1.78
[018700] d: 0.3451; g: 1.8686; real: 1.5409; fake: -1.8805; r1_img: 0.0030; r1_seg: 0.0003; path: 0.0015; mean path: 0.0603; mask: 0.0010; time: 1.76
[018800] d: 0.7068; g: 0.1818; real: 0.0340; fake: -3.5206; r1_img: 0.0027; r1_seg: 0.0001; path: 0.0013; mean path: 0.0599; mask: 0.0028; time: 2.51
[018900] d: 0.4540; g: 1.4849; real: 0.8700; fake: -2.3636; r1_img: 0.0069; r1_seg: 0.0001; path: 0.0001; mean path: 0.0568; mask: 0.0010; time: 1.76
[019000] d: 0.0387; g: 4.4150; real: 3.6964; fake: -4.2655; r1_img: 0.0035; r1_seg: 0.0001; path: 0.0026; mean path: 0.0593; mask: 0.0014; time: 1.77
[019100] d: 0.7657; g: 1.3249; real: 0.0640; fake: -2.2679; r1_img: 0.0049; r1_seg: 0.0000; path: 0.0260; mean path: 0.0624; mask: 0.0013; time: 1.76
[019200] d: 0.3134; g: 2.1839; real: 1.5285; fake: -2.1380; r1_img: 0.0052; r1_seg: 0.0001; path: 0.0006; mean path: 0.0646; mask: 0.0029; time: 2.53
[019300] d: 0.4503; g: 2.7640; real: 1.6733; fake: -1.1625; r1_img: 0.0063; r1_seg: 0.0001; path: 0.0005; mean path: 0.0630; mask: 0.0097; time: 1.76
[019400] d: 0.9735; g: 0.6820; real: -0.3092; fake: -2.1781; r1_img: 0.0044; r1_seg: 0.0008; path: 0.0007; mean path: 0.0658; mask: 0.0018; time: 1.75
[019500] d: 0.3717; g: 2.1445; real: 1.4010; fake: -1.8488; r1_img: 0.0043; r1_seg: 0.0178; path: 0.0000; mean path: 0.0638; mask: 0.0016; time: 1.76
[019600] d: 1.9561; g: 1.2843; real: 2.6756; fake: 1.7236; r1_img: 0.0021; r1_seg: 0.0014; path: 0.0007; mean path: 0.0630; mask: 0.0492; time: 2.52
[019700] d: 0.5720; g: 1.9433; real: 0.8939; fake: -1.4150; r1_img: 0.0017; r1_seg: 0.0000; path: 0.0002; mean path: 0.0605; mask: 0.0009; time: 1.75
[019800] d: 3.2547; g: 0.1140; real: -3.2067; fake: -4.7906; r1_img: 0.0033; r1_seg: 0.0001; path: 0.0001; mean path: 0.0602; mask: 0.0025; time: 1.75
[019900] d: 5.3041; g: 0.2730; real: -5.2964; fake: -5.9106; r1_img: 0.0030; r1_seg: 0.0001; path: 0.0001; mean path: 0.0597; mask: 0.0072; time: 1.76
[020000] d: 1.1410; g: 0.4726; real: -0.7324; fake: -4.4495; r1_img: 0.0012; r1_seg: 0.0000; path: 0.0027; mean path: 0.0607; mask: 0.0067; time: 2.52
==================Start calculating FID==================
Gathering activations...
2000/10000
4000/10000
6000/10000
8000/10000
10000/10000
Calculating Inception Score...
Calculating means and covariances...
Covariances calculated, getting FID...
[val] iteration 020000: FID: 143.9665, IS_mean: 2.2053, IS_std: 0.0334
[020100] d: 0.4679; g: 1.8587; real: 0.6587; fake: -2.9768; r1_img: 0.0016; r1_seg: 0.0004; path: 0.0007; mean path: 0.0581; mask: 0.0026; time: 1.76
[020200] d: 0.8294; g: 1.3737; real: 0.3668; fake: -1.0610; r1_img: 0.0032; r1_seg: 0.0000; path: 0.0001; mean path: 0.0566; mask: 0.0005; time: 1.77
[020300] d: 0.1464; g: 3.0882; real: 2.4306; fake: -2.8175; r1_img: 0.0057; r1_seg: 0.0007; path: 0.0007; mean path: 0.0553; mask: 0.0037; time: 1.77
[020400] d: 0.8471; g: 0.2116; real: 1.2341; fake: -0.2240; r1_img: 0.0010; r1_seg: 0.0006; path: 0.0000; mean path: 0.0556; mask: 0.0006; time: 2.53
[020500] d: 0.0989; g: 3.6933; real: 2.6507; fake: -3.4961; r1_img: 0.0034; r1_seg: 0.0001; path: 0.0006; mean path: 0.0539; mask: 0.0077; time: 1.77
[020600] d: 0.0980; g: 3.3508; real: 2.8784; fake: -3.2593; r1_img: 0.0034; r1_seg: 0.0000; path: 0.0000; mean path: 0.0522; mask: 0.0105; time: 1.78
[020700] d: 0.9207; g: 2.0137; real: 0.8330; fake: -0.3165; r1_img: 0.0034; r1_seg: 0.0001; path: 0.0003; mean path: 0.0513; mask: 0.0005; time: 1.78
[020800] d: 0.3055; g: 0.4907; real: 3.0797; fake: -1.2491; r1_img: 0.0141; r1_seg: 0.0030; path: 0.0010; mean path: 0.0523; mask: 0.0070; time: 2.52
[020900] d: 0.8133; g: 1.0024; real: 0.2849; fake: -1.3368; r1_img: 0.0074; r1_seg: 0.0003; path: 0.0003; mean path: 0.0525; mask: 0.0006; time: 1.76
[021000] d: 0.8904; g: 1.1878; real: 0.2530; fake: -1.0415; r1_img: 0.0059; r1_seg: 0.0016; path: 0.0087; mean path: 0.0561; mask: 0.0005; time: 1.76
[021100] d: 0.2964; g: 2.2048; real: 1.3847; fake: -2.7159; r1_img: 0.0075; r1_seg: 0.0001; path: 0.0004; mean path: 0.0594; mask: 0.0017; time: 1.79
[021200] d: 0.1653; g: 1.7417; real: 2.3462; fake: -2.6150; r1_img: 0.0041; r1_seg: 0.0002; path: 0.0000; mean path: 0.0573; mask: 0.0027; time: 2.54
[021300] d: 3.1259; g: 1.2430; real: -3.0689; fake: -4.5864; r1_img: 0.0038; r1_seg: 0.0000; path: 0.0003; mean path: 0.0595; mask: 0.0022; time: 1.78
[021400] d: 0.1151; g: 3.2054; real: 2.5107; fake: -3.3463; r1_img: 0.0038; r1_seg: 0.0001; path: 0.0003; mean path: 0.0578; mask: 0.0052; time: 1.76
[021500] d: 0.7967; g: 2.2213; real: 0.9669; fake: -0.5052; r1_img: 0.0004; r1_seg: 0.0000; path: 0.0123; mean path: 0.0584; mask: 0.0011; time: 1.76
[021600] d: 0.0391; g: 3.7585; real: 3.7357; fake: -4.1643; r1_img: 0.0050; r1_seg: 0.0001; path: 0.0006; mean path: 0.0612; mask: 0.0038; time: 2.53
[021700] d: 0.0199; g: 6.1148; real: 4.0660; fake: -5.8738; r1_img: 0.0021; r1_seg: 0.0000; path: 0.0000; mean path: 0.0605; mask: 0.0026; time: 1.76
[021800] d: 0.1054; g: 3.4695; real: 2.6557; fake: -3.3658; r1_img: 0.0041; r1_seg: 0.0001; path: 0.0025; mean path: 0.0612; mask: 0.0035; time: 1.78
[021900] d: 0.7067; g: 2.1207; real: 1.1966; fake: -0.6150; r1_img: 0.0103; r1_seg: 0.0001; path: 0.0007; mean path: 0.0609; mask: 0.0006; time: 1.78
[022000] d: 0.6155; g: 1.9943; real: 0.2738; fake: -3.2621; r1_img: 0.0039; r1_seg: 0.0001; path: 0.0008; mean path: 0.0629; mask: 0.0029; time: 2.52
[022100] d: 0.0605; g: 4.0031; real: 3.1605; fake: -3.9729; r1_img: 0.0025; r1_seg: 0.0000; path: 0.0008; mean path: 0.0666; mask: 0.0030; time: 1.77
[022200] d: 0.6668; g: 2.9611; real: 2.2097; fake: -0.2816; r1_img: 0.0088; r1_seg: 0.0003; path: 0.0010; mean path: 0.0668; mask: 0.0025; time: 1.77
[022300] d: 0.1539; g: 2.9376; real: 2.7539; fake: -2.4547; r1_img: 0.0044; r1_seg: 0.0000; path: 0.0006; mean path: 0.0696; mask: 0.0015; time: 1.77
[022400] d: 0.2253; g: 2.6579; real: 1.9536; fake: -2.4703; r1_img: 0.0046; r1_seg: 0.0001; path: 0.0020; mean path: 0.0688; mask: 0.0087; time: 2.54
[022500] d: 0.0890; g: 3.7836; real: 2.8672; fake: -3.4387; r1_img: 0.0017; r1_seg: 0.0001; path: 0.0009; mean path: 0.0682; mask: 0.0031; time: 1.79
[022600] d: 0.1384; g: 3.2084; real: 2.6461; fake: -2.6492; r1_img: 0.0032; r1_seg: 0.0004; path: 0.0003; mean path: 0.0685; mask: 0.0193; time: 1.78
[022700] d: 0.1698; g: 4.0405; real: 1.8481; fake: -3.8910; r1_img: 0.0022; r1_seg: 0.0001; path: 0.0008; mean path: 0.0656; mask: 0.0178; time: 1.78
[022800] d: 0.1072; g: 2.5233; real: 2.6561; fake: -3.3505; r1_img: 0.0071; r1_seg: 0.0001; path: 0.0002; mean path: 0.0649; mask: 0.0033; time: 2.54
[022900] d: 0.1284; g: 3.3226; real: 2.5013; fake: -3.0185; r1_img: 0.0018; r1_seg: 0.0002; path: 0.0011; mean path: 0.0646; mask: 0.0078; time: 1.77
[023000] d: 0.3643; g: 2.3176; real: 1.5822; fake: -1.6839; r1_img: 0.0081; r1_seg: 0.0004; path: 0.0004; mean path: 0.0625; mask: 0.0014; time: 1.78
[023100] d: 0.1995; g: 2.6713; real: 2.2078; fake: -2.3174; r1_img: 0.0009; r1_seg: 0.0004; path: 0.0003; mean path: 0.0599; mask: 0.0014; time: 1.75
[023200] d: 0.1007; g: 2.6661; real: 2.4661; fake: -3.9792; r1_img: 0.0040; r1_seg: 0.0001; path: 0.0000; mean path: 0.0555; mask: 0.0049; time: 2.52
[023300] d: 0.6635; g: 0.0462; real: 0.2183; fake: -3.1855; r1_img: 0.0016; r1_seg: 0.0000; path: 0.0013; mean path: 0.0547; mask: 0.0176; time: 1.76
[023400] d: 0.1717; g: 3.1110; real: 2.4608; fake: -2.6701; r1_img: 0.0039; r1_seg: 0.0004; path: 0.0000; mean path: 0.0515; mask: 0.0172; time: 1.77
[023500] d: 0.1980; g: 2.8899; real: 2.1603; fake: -2.4191; r1_img: 0.0074; r1_seg: 0.0003; path: 0.0009; mean path: 0.0506; mask: 0.0022; time: 1.76
[023600] d: 2.2002; g: 0.2887; real: -2.0672; fake: -4.3454; r1_img: 0.0019; r1_seg: 0.0000; path: 0.0003; mean path: 0.0494; mask: 0.0033; time: 2.51
[023700] d: 0.7181; g: 1.3282; real: 0.2950; fake: -1.7642; r1_img: 0.0061; r1_seg: 0.0000; path: 0.0006; mean path: 0.0485; mask: 0.0003; time: 1.76
[023800] d: 1.0257; g: 2.4474; real: 1.2893; fake: 0.1330; r1_img: 0.0066; r1_seg: 0.0000; path: 0.0010; mean path: 0.0474; mask: 0.0008; time: 1.76
[023900] d: 0.2518; g: 2.3950; real: 2.0007; fake: -2.0499; r1_img: 0.0019; r1_seg: 0.0006; path: 0.0001; mean path: 0.0485; mask: 0.0025; time: 1.77
[024000] d: 0.1151; g: 2.8604; real: 2.4506; fake: -3.4809; r1_img: 0.0035; r1_seg: 0.0000; path: 0.0001; mean path: 0.0479; mask: 0.0078; time: 2.52
[024100] d: 0.6080; g: 1.3970; real: 0.5481; fake: -1.8789; r1_img: 0.0049; r1_seg: 0.0003; path: 0.0004; mean path: 0.0499; mask: 0.0010; time: 1.77
[024200] d: 0.0759; g: 3.7844; real: 3.0690; fake: -3.4854; r1_img: 0.0035; r1_seg: 0.0000; path: 0.0003; mean path: 0.0515; mask: 0.0040; time: 1.76
[024300] d: 1.0767; g: 0.8604; real: -0.2365; fake: -1.2408; r1_img: 0.0028; r1_seg: 0.0001; path: 0.0001; mean path: 0.0512; mask: 0.0010; time: 1.77
[024400] d: 0.2715; g: 1.0897; real: 1.8975; fake: -2.5489; r1_img: 0.0034; r1_seg: 0.0008; path: 0.0010; mean path: 0.0506; mask: 0.0119; time: 2.53
[024500] d: 1.1374; g: 1.2234; real: 0.1997; fake: -0.3872; r1_img: 0.0087; r1_seg: 0.0000; path: 0.0033; mean path: 0.0523; mask: 0.0069; time: 1.76
[024600] d: 0.4539; g: 2.2617; real: 1.3554; fake: -1.4415; r1_img: 0.0040; r1_seg: 0.0007; path: 0.0042; mean path: 0.0561; mask: 0.0007; time: 1.75
[024700] d: 0.0622; g: 4.3357; real: 3.1603; fake: -3.9118; r1_img: 0.0045; r1_seg: 0.0001; path: 0.0002; mean path: 0.0572; mask: 0.0064; time: 1.77
[024800] d: 0.1469; g: 1.0205; real: 2.6254; fake: -2.5462; r1_img: 0.0036; r1_seg: 0.0002; path: 0.0006; mean path: 0.0573; mask: 0.0016; time: 2.51
[024900] d: 0.2443; g: 2.5273; real: 1.4610; fake: -3.4562; r1_img: 0.0021; r1_seg: 0.0000; path: 0.0035; mean path: 0.0588; mask: 0.0222; time: 1.76
[025000] d: 0.6757; g: 1.8841; real: 0.9477; fake: -0.9295; r1_img: 0.0049; r1_seg: 0.0010; path: 0.0006; mean path: 0.0559; mask: 0.0006; time: 1.77
[025100] d: 0.8267; g: 0.7532; real: 0.2807; fake: -1.2866; r1_img: 0.0021; r1_seg: 0.0047; path: 0.0002; mean path: 0.0543; mask: 0.0006; time: 1.76
[025200] d: 0.2079; g: 2.0730; real: 2.4193; fake: -2.0456; r1_img: 0.0023; r1_seg: 0.0001; path: 0.0003; mean path: 0.0527; mask: 0.0017; time: 2.52
[025300] d: 0.1257; g: 3.1241; real: 2.5629; fake: -3.0227; r1_img: 0.0030; r1_seg: 0.0002; path: 0.0014; mean path: 0.0547; mask: 0.0096; time: 1.78
[025400] d: 0.3490; g: 1.7784; real: 1.0782; fake: -2.8666; r1_img: 0.0066; r1_seg: 0.0002; path: 0.0007; mean path: 0.0568; mask: 0.0033; time: 1.76
[025500] d: 1.0428; g: 1.2215; real: -0.0516; fake: -1.1457; r1_img: 0.0060; r1_seg: 0.0008; path: 0.0003; mean path: 0.0560; mask: 0.0003; time: 1.77
[025600] d: 0.2090; g: 2.1893; real: 2.0631; fake: -2.4302; r1_img: 0.0133; r1_seg: 0.0002; path: 0.0000; mean path: 0.0581; mask: 0.0023; time: 2.53
[025700] d: 0.1367; g: 3.1445; real: 2.5286; fake: -2.8097; r1_img: 0.0059; r1_seg: 0.0001; path: 0.0003; mean path: 0.0571; mask: 0.0022; time: 1.76
[025800] d: 0.1118; g: 3.0695; real: 2.7835; fake: -2.9526; r1_img: 0.0060; r1_seg: 0.0001; path: 0.0059; mean path: 0.0573; mask: 0.0014; time: 1.75
[025900] d: 0.7061; g: 1.1082; real: 0.4034; fake: -1.6357; r1_img: 0.0049; r1_seg: 0.0012; path: 0.0050; mean path: 0.0569; mask: 0.0006; time: 1.76
[026000] d: 0.6086; g: 0.5848; real: 1.1512; fake: -0.9437; r1_img: 0.0040; r1_seg: 0.0002; path: 0.0002; mean path: 0.0599; mask: 0.0007; time: 2.52
[026100] d: 0.9048; g: 1.0381; real: 0.3444; fake: -0.8234; r1_img: 0.0036; r1_seg: 0.0010; path: 0.0007; mean path: 0.0601; mask: 0.0003; time: 1.79
[026200] d: 0.8599; g: 1.7138; real: 1.4763; fake: -0.1084; r1_img: 0.0040; r1_seg: 0.0025; path: 0.0011; mean path: 0.0598; mask: 0.0006; time: 1.76
[026300] d: 2.6315; g: 1.0186; real: 2.8276; fake: 2.4915; r1_img: 0.0016; r1_seg: 0.0000; path: 0.0008; mean path: 0.0613; mask: 0.0016; time: 1.76
[026400] d: 0.1956; g: 1.8857; real: 1.8511; fake: -3.1667; r1_img: 0.0060; r1_seg: 0.0001; path: 0.0011; mean path: 0.0602; mask: 0.0083; time: 2.52
[026500] d: 0.3808; g: 2.1069; real: 1.3594; fake: -1.8225; r1_img: 0.0082; r1_seg: 0.0003; path: 0.0015; mean path: 0.0616; mask: 0.0018; time: 1.77
[026600] d: 0.9960; g: 3.4684; real: 2.1667; fake: 0.3469; r1_img: 0.0095; r1_seg: 0.0000; path: 0.0042; mean path: 0.0621; mask: 0.0007; time: 1.79
[026700] d: 0.1738; g: 2.8041; real: 2.1785; fake: -2.7042; r1_img: 0.0048; r1_seg: 0.0002; path: 0.0009; mean path: 0.0648; mask: 0.0042; time: 1.77
[026800] d: 1.0220; g: 0.7574; real: -0.0979; fake: -1.1624; r1_img: 0.0052; r1_seg: 0.0002; path: 0.0003; mean path: 0.0636; mask: 0.0005; time: 2.55
[026900] d: 0.2723; g: 3.1130; real: 2.1818; fake: -1.7587; r1_img: 0.0055; r1_seg: 0.0001; path: 0.0002; mean path: 0.0609; mask: 0.0023; time: 1.76
[027000] d: 3.7581; g: 0.9162; real: -3.7286; fake: -5.2868; r1_img: 0.0016; r1_seg: 0.0000; path: 0.0002; mean path: 0.0593; mask: 0.0035; time: 1.78
[027100] d: 0.7675; g: 1.2701; real: 0.6272; fake: -1.1689; r1_img: 0.0103; r1_seg: 0.0005; path: 0.0009; mean path: 0.0604; mask: 0.0010; time: 1.78
[027200] d: 0.9057; g: 2.0134; real: 1.4777; fake: -0.0163; r1_img: 0.0112; r1_seg: 0.0002; path: 0.0013; mean path: 0.0615; mask: 0.0012; time: 2.52
[027300] d: 0.9135; g: 0.3050; real: -0.2959; fake: -2.9172; r1_img: 0.0119; r1_seg: 0.0002; path: 0.0006; mean path: 0.0606; mask: 0.0010; time: 1.76
[027400] d: 0.0186; g: 5.9857; real: 4.2783; fake: -5.7346; r1_img: 0.0025; r1_seg: 0.0000; path: 0.0001; mean path: 0.0598; mask: 0.0032; time: 1.77
[027500] d: 1.0557; g: 1.2745; real: 0.2197; fake: -0.5404; r1_img: 0.0054; r1_seg: 0.0001; path: 0.0024; mean path: 0.0563; mask: 0.0004; time: 1.79
[027600] d: 0.0386; g: 1.3631; real: 3.7487; fake: -4.2522; r1_img: 0.0027; r1_seg: 0.0001; path: 0.0005; mean path: 0.0552; mask: 0.0028; time: 2.52
[027700] d: 0.7324; g: 2.6301; real: 1.9710; fake: -0.2662; r1_img: 0.0123; r1_seg: 0.0003; path: 0.0013; mean path: 0.0579; mask: 0.0011; time: 1.76
[027800] d: 0.2108; g: 2.6449; real: 2.1069; fake: -2.3258; r1_img: 0.0027; r1_seg: 0.0003; path: 0.0004; mean path: 0.0604; mask: 0.0021; time: 1.76
[027900] d: 0.2089; g: 3.1323; real: 2.1482; fake: -2.3415; r1_img: 0.0052; r1_seg: 0.0006; path: 0.0005; mean path: 0.0565; mask: 0.0102; time: 1.76
[028000] d: 0.2238; g: 0.3311; real: 2.0029; fake: -2.2934; r1_img: 0.0059; r1_seg: 0.0004; path: 0.0018; mean path: 0.0590; mask: 0.0033; time: 2.51
[028100] d: 0.8431; g: 0.9977; real: 0.5033; fake: -0.8255; r1_img: 0.0162; r1_seg: 0.0003; path: 0.0004; mean path: 0.0638; mask: 0.0007; time: 1.76
[028200] d: 0.7476; g: 0.5346; real: 0.0830; fake: -2.3180; r1_img: 0.0030; r1_seg: 0.0000; path: 0.0013; mean path: 0.0638; mask: 0.0011; time: 1.77
[028300] d: 0.1362; g: 3.1854; real: 2.4648; fake: -3.0126; r1_img: 0.0042; r1_seg: 0.0002; path: 0.0014; mean path: 0.0643; mask: 0.0057; time: 1.75
[028400] d: 0.1911; g: 2.1312; real: 2.2247; fake: -2.4470; r1_img: 0.0094; r1_seg: 0.0001; path: 0.0004; mean path: 0.0632; mask: 0.0018; time: 2.51
[028500] d: 0.7079; g: 1.2361; real: 0.4955; fake: -1.3574; r1_img: 0.0055; r1_seg: 0.0004; path: 0.0003; mean path: 0.0611; mask: 0.0009; time: 1.76
[028600] d: 0.9187; g: 0.7499; real: 0.2005; fake: -0.9857; r1_img: 0.0022; r1_seg: 0.0038; path: 0.0019; mean path: 0.0620; mask: 0.0015; time: 1.76
[028700] d: 0.1603; g: 2.8518; real: 2.2764; fake: -2.7722; r1_img: 0.0047; r1_seg: 0.0003; path: 0.0005; mean path: 0.0627; mask: 0.0017; time: 1.76
[028800] d: 0.1164; g: 3.4449; real: 2.4366; fake: -3.5349; r1_img: 0.0020; r1_seg: 0.0000; path: 0.0000; mean path: 0.0619; mask: 0.0031; time: 2.52
[028900] d: 0.1893; g: 2.8090; real: 1.9889; fake: -2.8308; r1_img: 0.0062; r1_seg: 0.0001; path: 0.0010; mean path: 0.0607; mask: 0.0038; time: 1.77
[029000] d: 0.2416; g: 2.8893; real: 2.2464; fake: -1.9512; r1_img: 0.0063; r1_seg: 0.0003; path: 0.0002; mean path: 0.0602; mask: 0.0054; time: 1.76
[029100] d: 1.1489; g: 3.0679; real: 2.0182; fake: 0.4820; r1_img: 0.0151; r1_seg: 0.0000; path: 0.0104; mean path: 0.0596; mask: 0.0006; time: 1.77
[029200] d: 0.0706; g: 3.2302; real: 3.1231; fake: -3.6799; r1_img: 0.0041; r1_seg: 0.0001; path: 0.0007; mean path: 0.0614; mask: 0.0037; time: 2.52
[029300] d: 0.2727; g: 3.0156; real: 1.5859; fake: -2.4991; r1_img: 0.0030; r1_seg: 0.0001; path: 0.0006; mean path: 0.0652; mask: 0.0031; time: 1.77
[029400] d: 0.8512; g: 6.9256; real: 1.8478; fake: 0.0012; r1_img: 0.0067; r1_seg: 0.0000; path: 0.0000; mean path: 0.0665; mask: 0.0226; time: 1.76
[029500] d: 0.2285; g: 0.5655; real: 1.5863; fake: -3.8998; r1_img: 0.0030; r1_seg: 0.0002; path: 0.0009; mean path: 0.0665; mask: 0.0273; time: 1.77
[029600] d: 0.8150; g: 1.1642; real: 0.0285; fake: -1.9581; r1_img: 0.0066; r1_seg: 0.0001; path: 0.0010; mean path: 0.0634; mask: 0.0014; time: 2.52
[029700] d: 0.5413; g: 1.0696; real: 0.7066; fake: -1.9857; r1_img: 0.0129; r1_seg: 0.0001; path: 0.0021; mean path: 0.0656; mask: 0.0011; time: 1.76
[029800] d: 0.1196; g: 3.4707; real: 3.1208; fake: -2.6584; r1_img: 0.0061; r1_seg: 0.0001; path: 0.0003; mean path: 0.0628; mask: 0.0087; time: 1.78
[029900] d: 0.7575; g: 1.1364; real: 0.0856; fake: -2.2237; r1_img: 0.0073; r1_seg: 0.0001; path: 0.0177; mean path: 0.0635; mask: 0.0009; time: 1.77
[030000] d: 0.1543; g: 2.5607; real: 2.2094; fake: -3.0091; r1_img: 0.0076; r1_seg: 0.0001; path: 0.0002; mean path: 0.0654; mask: 0.0062; time: 2.52
==================Start calculating FID==================
Gathering activations...
2000/10000
4000/10000
6000/10000
8000/10000
10000/10000
Calculating Inception Score...
Calculating means and covariances...
Covariances calculated, getting FID...
[val] iteration 030000: FID: 83.9897, IS_mean: 2.3857, IS_std: 0.0499
[030100] d: 0.2277; g: 2.6649; real: 1.9800; fake: -2.2786; r1_img: 0.0071; r1_seg: 0.0001; path: 0.0006; mean path: 0.0611; mask: 0.0015; time: 1.77
[030200] d: 0.6379; g: 0.7620; real: 0.5496; fake: -1.8400; r1_img: 0.0071; r1_seg: 0.0007; path: 0.0026; mean path: 0.0626; mask: 0.0014; time: 1.77
[030300] d: 0.7983; g: 2.6919; real: 1.1221; fake: -0.4179; r1_img: 0.0026; r1_seg: 0.0000; path: 0.0011; mean path: 0.0616; mask: 0.0010; time: 1.78
[030400] d: 0.3321; g: 1.9320; real: 1.3982; fake: -2.1768; r1_img: 0.0109; r1_seg: 0.0000; path: 0.0021; mean path: 0.0600; mask: 0.0009; time: 2.53
[030500] d: 4.7020; g: 0.8816; real: -4.6890; fake: -5.5981; r1_img: 0.0039; r1_seg: 0.0001; path: 0.0004; mean path: 0.0593; mask: 0.0034; time: 1.78
[030600] d: 0.1482; g: 2.7763; real: 2.4646; fake: -2.6803; r1_img: 0.0019; r1_seg: 0.0004; path: 0.0005; mean path: 0.0578; mask: 0.0033; time: 1.77
[030700] d: 0.0814; g: 3.4233; real: 3.0480; fake: -3.4231; r1_img: 0.0085; r1_seg: 0.0001; path: 0.0004; mean path: 0.0540; mask: 0.0024; time: 1.78
[030800] d: 0.6857; g: 1.7334; real: 1.2938; fake: -0.5964; r1_img: 0.0050; r1_seg: 0.0001; path: 0.0001; mean path: 0.0551; mask: 0.0007; time: 2.54
[030900] d: 0.0942; g: 3.5781; real: 2.8658; fake: -3.3689; r1_img: 0.0042; r1_seg: 0.0001; path: 0.0005; mean path: 0.0524; mask: 0.0047; time: 1.78
[031000] d: 0.6785; g: 1.3863; real: 0.6413; fake: -1.3424; r1_img: 0.0052; r1_seg: 0.0001; path: 0.0004; mean path: 0.0524; mask: 0.0007; time: 1.78
[031100] d: 0.0453; g: 3.6859; real: 3.5474; fake: -4.0953; r1_img: 0.0007; r1_seg: 0.0000; path: 0.0007; mean path: 0.0545; mask: 0.0055; time: 1.78
[031200] d: 0.1402; g: 2.6249; real: 2.5320; fake: -2.7304; r1_img: 0.0028; r1_seg: 0.0001; path: 0.0018; mean path: 0.0546; mask: 0.0033; time: 2.52
[031300] d: 0.2739; g: 2.7370; real: 1.7215; fake: -2.1884; r1_img: 0.0024; r1_seg: 0.0001; path: 0.0001; mean path: 0.0554; mask: 0.0011; time: 1.77
[031400] d: 0.0772; g: 3.5389; real: 3.1211; fake: -3.4317; r1_img: 0.0048; r1_seg: 0.0001; path: 0.0001; mean path: 0.0564; mask: 0.0022; time: 1.78
[031500] d: 0.1049; g: 3.6633; real: 2.7553; fake: -3.1322; r1_img: 0.0061; r1_seg: 0.0001; path: 0.0004; mean path: 0.0574; mask: 0.0042; time: 1.77
[031600] d: 0.2389; g: 2.0818; real: 2.0475; fake: -2.2330; r1_img: 0.0094; r1_seg: 0.0001; path: 0.0052; mean path: 0.0642; mask: 0.0006; time: 2.55
[031700] d: 0.5176; g: 1.6000; real: 1.9094; fake: -0.7808; r1_img: 0.0013; r1_seg: 0.0003; path: 0.0015; mean path: 0.0662; mask: 0.0007; time: 1.78
[031800] d: 0.0795; g: 3.8969; real: 3.4323; fake: -3.0973; r1_img: 0.0044; r1_seg: 0.0000; path: 0.0000; mean path: 0.0612; mask: 0.0162; time: 1.78
[031900] d: 0.1427; g: 3.1021; real: 2.5741; fake: -2.7154; r1_img: 0.0051; r1_seg: 0.0002; path: 0.0031; mean path: 0.0590; mask: 0.0032; time: 1.77
[032000] d: 0.1022; g: 2.8200; real: 2.6077; fake: -3.4961; r1_img: 0.0032; r1_seg: 0.0001; path: 0.0005; mean path: 0.0603; mask: 0.0037; time: 2.51
[032100] d: 0.2991; g: 2.2473; real: 1.7743; fake: -1.9117; r1_img: 0.0039; r1_seg: 0.0000; path: 0.0012; mean path: 0.0594; mask: 0.0011; time: 1.78
[032200] d: 0.3694; g: 2.2822; real: 1.8111; fake: -1.4362; r1_img: 0.0038; r1_seg: 0.0001; path: 0.0009; mean path: 0.0610; mask: 0.0023; time: 1.76
[032300] d: 0.3634; g: 1.6890; real: 1.4191; fake: -1.9371; r1_img: 0.0054; r1_seg: 0.0000; path: 0.0097; mean path: 0.0626; mask: 0.0006; time: 1.76
[032400] d: 0.1748; g: 1.2200; real: 2.4883; fake: -2.3364; r1_img: 0.0080; r1_seg: 0.0004; path: 0.0007; mean path: 0.0662; mask: 0.0021; time: 2.52
[032500] d: 0.7805; g: 1.2256; real: 0.7651; fake: -0.7330; r1_img: 0.0096; r1_seg: 0.0002; path: 0.0010; mean path: 0.0678; mask: 0.0002; time: 1.76
[032600] d: 0.6260; g: 1.0871; real: 0.3922; fake: -2.1849; r1_img: 0.0123; r1_seg: 0.0001; path: 0.0008; mean path: 0.0672; mask: 0.0006; time: 1.76
[032700] d: 0.1765; g: 3.0022; real: 2.2678; fake: -2.5586; r1_img: 0.0019; r1_seg: 0.0000; path: 0.0005; mean path: 0.0675; mask: 0.0037; time: 1.77
[032800] d: 0.2305; g: 0.6074; real: 2.2559; fake: -1.9894; r1_img: 0.0084; r1_seg: 0.0004; path: 0.0010; mean path: 0.0680; mask: 0.0020; time: 2.55
[032900] d: 0.0773; g: 4.1517; real: 3.3024; fake: -3.2116; r1_img: 0.0053; r1_seg: 0.0001; path: 0.0015; mean path: 0.0680; mask: 0.0101; time: 1.76
[033000] d: 0.2338; g: 2.3362; real: 1.8218; fake: -2.4469; r1_img: 0.0094; r1_seg: 0.0002; path: 0.0012; mean path: 0.0666; mask: 0.0005; time: 1.77
[033100] d: 0.7822; g: 1.4796; real: 0.9211; fake: -0.6329; r1_img: 0.0103; r1_seg: 0.0002; path: 0.0009; mean path: 0.0660; mask: 0.0004; time: 1.77
[033200] d: 0.0926; g: 2.5721; real: 2.8787; fake: -3.3353; r1_img: 0.0039; r1_seg: 0.0001; path: 0.0008; mean path: 0.0670; mask: 0.0047; time: 2.52
[033300] d: 0.9932; g: 2.0875; real: 1.0845; fake: -0.0205; r1_img: 0.0153; r1_seg: 0.0000; path: 0.0003; mean path: 0.0658; mask: 0.0004; time: 1.76
[033400] d: 0.6769; g: 1.3293; real: 0.5228; fake: -1.5545; r1_img: 0.0108; r1_seg: 0.0000; path: 0.0494; mean path: 0.0730; mask: 0.0009; time: 1.77
[033500] d: 0.2045; g: 2.6885; real: 2.1601; fake: -2.3699; r1_img: 0.0079; r1_seg: 0.0002; path: 0.0012; mean path: 0.0728; mask: 0.0011; time: 1.78
[033600] d: 0.0916; g: 1.1872; real: 2.8472; fake: -3.4214; r1_img: 0.0076; r1_seg: 0.0002; path: 0.0003; mean path: 0.0712; mask: 0.0044; time: 2.55
[033700] d: 0.1149; g: 3.3008; real: 2.7226; fake: -2.9873; r1_img: 0.0074; r1_seg: 0.0001; path: 0.0014; mean path: 0.0706; mask: 0.0042; time: 1.78
[033800] d: 0.1092; g: 2.8929; real: 2.8952; fake: -2.9441; r1_img: 0.0039; r1_seg: 0.0002; path: 0.0428; mean path: 0.0699; mask: 0.0031; time: 1.78
[033900] d: 0.0762; g: 3.5406; real: 3.4343; fake: -3.1173; r1_img: 0.0025; r1_seg: 0.0001; path: 0.0031; mean path: 0.0721; mask: 0.0016; time: 1.77
[034000] d: 0.0624; g: 1.4417; real: 3.1144; fake: -4.0415; r1_img: 0.0011; r1_seg: 0.0003; path: 0.0016; mean path: 0.0696; mask: 0.0112; time: 2.54
[034100] d: 0.5757; g: 1.9799; real: 1.9598; fake: -0.6003; r1_img: 0.0063; r1_seg: 0.0002; path: 0.0258; mean path: 0.0683; mask: 0.0036; time: 1.76
[034200] d: 0.1663; g: 2.9773; real: 2.3544; fake: -2.6003; r1_img: 0.0046; r1_seg: 0.0001; path: 0.0009; mean path: 0.0658; mask: 0.0019; time: 1.77
[034300] d: 0.1410; g: 2.9705; real: 2.5060; fake: -2.7601; r1_img: 0.0034; r1_seg: 0.0000; path: 0.0013; mean path: 0.0642; mask: 0.0010; time: 1.76
[034400] d: 0.1594; g: 0.3003; real: 2.5289; fake: -2.4942; r1_img: 0.0064; r1_seg: 0.0009; path: 0.0008; mean path: 0.0640; mask: 0.0045; time: 2.52
[034500] d: 0.3385; g: 1.9411; real: 1.1928; fake: -2.6236; r1_img: 0.0062; r1_seg: 0.0002; path: 0.0002; mean path: 0.0630; mask: 0.0026; time: 1.82
[034600] d: 0.7530; g: 2.0995; real: 0.9297; fake: -0.6921; r1_img: 0.0039; r1_seg: 0.0011; path: 0.0024; mean path: 0.0644; mask: 0.0005; time: 1.78
[034700] d: 0.2755; g: 2.0460; real: 1.4691; fake: -2.6736; r1_img: 0.0053; r1_seg: 0.0005; path: 0.0059; mean path: 0.0602; mask: 0.0047; time: 1.77
[034800] d: 0.5260; g: 0.7751; real: 1.6694; fake: -0.8697; r1_img: 0.0072; r1_seg: 0.0003; path: 0.0006; mean path: 0.0614; mask: 0.0012; time: 2.51
[034900] d: 0.7727; g: 2.3356; real: 1.1133; fake: -0.5034; r1_img: 0.0175; r1_seg: 0.0001; path: 0.0004; mean path: 0.0614; mask: 0.0005; time: 1.76
[035000] d: 0.8331; g: 1.8261; real: 2.1714; fake: 0.0309; r1_img: 0.0216; r1_seg: 0.0000; path: 0.0004; mean path: 0.0614; mask: 0.0017; time: 1.78
[035100] d: 0.4257; g: 2.4809; real: 1.9135; fake: -1.1103; r1_img: 0.0023; r1_seg: 0.0001; path: 0.0008; mean path: 0.0601; mask: 0.0082; time: 1.76
[035200] d: 0.1283; g: 1.2499; real: 2.6929; fake: -2.8181; r1_img: 0.0044; r1_seg: 0.0001; path: 0.0019; mean path: 0.0607; mask: 0.0231; time: 2.53
[035300] d: 0.7451; g: 1.5544; real: 0.6840; fake: -0.9863; r1_img: 0.0146; r1_seg: 0.0003; path: 0.0010; mean path: 0.0630; mask: 0.0008; time: 1.76
[035400] d: 0.1833; g: 2.4928; real: 2.3636; fake: -2.3766; r1_img: 0.0031; r1_seg: 0.0002; path: 0.0009; mean path: 0.0639; mask: 0.0044; time: 1.77
[035500] d: 0.2872; g: 2.0220; real: 1.3782; fake: -2.7613; r1_img: 0.0011; r1_seg: 0.0000; path: 0.0011; mean path: 0.0600; mask: 0.0034; time: 1.77
[035600] d: 0.0838; g: 3.6702; real: 2.7774; fake: -3.8832; r1_img: 0.0031; r1_seg: 0.0001; path: 0.0009; mean path: 0.0591; mask: 0.0020; time: 2.55
[035700] d: 0.4329; g: 1.5830; real: 1.0726; fake: -2.0004; r1_img: 0.0179; r1_seg: 0.0002; path: 0.0009; mean path: 0.0587; mask: 0.0012; time: 1.79
[035800] d: 0.2597; g: 2.5572; real: 1.5092; fake: -2.8918; r1_img: 0.0076; r1_seg: 0.0002; path: 0.0017; mean path: 0.0614; mask: 0.0032; time: 1.79
[035900] d: 0.4748; g: 2.6424; real: 2.0884; fake: -0.9026; r1_img: 0.0080; r1_seg: 0.0006; path: 0.0009; mean path: 0.0581; mask: 0.0017; time: 1.76
[036000] d: 0.1578; g: 0.2647; real: 2.4908; fake: -2.5544; r1_img: 0.0054; r1_seg: 0.0013; path: 0.0014; mean path: 0.0607; mask: 0.0087; time: 2.51
[036100] d: 0.7346; g: 1.5870; real: 1.2393; fake: -0.5052; r1_img: 0.0093; r1_seg: 0.0004; path: 0.0012; mean path: 0.0634; mask: 0.0003; time: 1.76
[036200] d: 0.1737; g: 2.5803; real: 1.9500; fake: -3.2191; r1_img: 0.0065; r1_seg: 0.0001; path: 0.0011; mean path: 0.0669; mask: 0.0073; time: 1.76
[036300] d: 0.5805; g: 3.1948; real: 1.5591; fake: -0.7535; r1_img: 0.0051; r1_seg: 0.0001; path: 0.0073; mean path: 0.0685; mask: 0.0029; time: 1.76
[036400] d: 0.4372; g: 0.7391; real: 1.6762; fake: -1.2302; r1_img: 0.0102; r1_seg: 0.0010; path: 0.0006; mean path: 0.0670; mask: 0.0077; time: 2.52
[036500] d: 0.8473; g: 1.5604; real: 1.1848; fake: -0.2598; r1_img: 0.0194; r1_seg: 0.0003; path: 0.0024; mean path: 0.0697; mask: 0.0005; time: 1.78
[036600] d: 0.8108; g: 2.5176; real: 2.6394; fake: 0.0798; r1_img: 0.0173; r1_seg: 0.0002; path: 0.0015; mean path: 0.0755; mask: 0.0006; time: 1.80
[036700] d: 0.6511; g: 1.6927; real: 1.0550; fake: -0.8796; r1_img: 0.0156; r1_seg: 0.0016; path: 0.0003; mean path: 0.0770; mask: 0.0004; time: 1.79
[036800] d: 0.1078; g: 0.3706; real: 2.7400; fake: -3.1271; r1_img: 0.0089; r1_seg: 0.0012; path: 0.0011; mean path: 0.0828; mask: 0.0127; time: 2.55
[036900] d: 0.2199; g: 2.6894; real: 2.4149; fake: -2.0227; r1_img: 0.0106; r1_seg: 0.0001; path: 0.0017; mean path: 0.0815; mask: 0.0015; time: 1.79
[037000] d: 1.1093; g: 1.1848; real: -0.0804; fake: -0.7996; r1_img: 0.0034; r1_seg: 0.0000; path: 0.0029; mean path: 0.0790; mask: 0.0008; time: 1.83
[037100] d: 0.4949; g: 2.1818; real: 1.1744; fake: -1.4479; r1_img: 0.0028; r1_seg: 0.0001; path: 0.0019; mean path: 0.0767; mask: 0.0008; time: 1.78
