Loading model ...
Initializing model with arguments:
{'aug': False,
 'base_layers': 2,
 'batch': 4,
 'channel_multiplier': 2,
 'checkpoint_dir': '/no_backups/g013/checkpoints/cityscapes_256',
 'ckpt': None,
 'coarse_channel': 512,
 'coarse_size': 64,
 'd_reg_every': 16,
 'dataset': '/no_backups/g013/data/lmdb_cityscapes_256',
 'depth_layers': 6,
 'detach_texture': False,
 'distributed': False,
 'g_reg_every': 4,
 'inception': '/no_backups/g013/data/inception_cityscapes_256.pkl',
 'iter': 600001,
 'lambda_mask': 100.0,
 'latent': 512,
 'local_channel': 64,
 'local_layers': 10,
 'local_rank': 0,
 'lr': 0.002,
 'min_feat_size': 16,
 'mixing': 0.3,
 'n_gpu': 1,
 'n_mlp': 8,
 'n_sample': 16,
 'num_workers': 8,
 'path_batch_shrink': 2,
 'path_regularize': 0.5,
 'r1_img': 10,
 'r1_seg': 1000,
 'residual_refine': True,
 'save_every': 5000,
 'seg_dim': 9,
 'size': 256,
 'start_iter': 0,
 'transparent_dims': [3],
 'viz_every': 2000}
n_latent: 20, n_latent_expand: 90
Generating images ...
