Initializing model with arguments:
{'aug': False,
 'base_layers': 2,
 'batch': 4,
 'channel_multiplier': 2,
 'checkpoint_dir': '/no_backups/g013/checkpoints/cityscapes_256',
 'ckpt': '/no_backups/g013/checkpoints/cityscapes_256/ckpt/030000.pt',
 'coarse_channel': 512,
 'coarse_size': 64,
 'd_reg_every': 16,
 'dataset': '/no_backups/g013/data/lmdb_cityscapes_256',
 'depth_layers': 6,
 'detach_texture': False,
 'distributed': False,
 'g_reg_every': 4,
 'inception': '/no_backups/g013/data/inception_cityscapes_256.pkl',
 'iter': 200001,
 'lambda_mask': 100.0,
 'latent': 512,
 'local_channel': 64,
 'local_layers': 10,
 'local_rank': 0,
 'lr': 0.002,
 'min_feat_size': 16,
 'mixing': 0.3,
 'n_gpu': 1,
 'n_mlp': 8,
 'n_sample': 16,
 'num_workers': 8,
 'path_batch_shrink': 2,
 'path_regularize': 0.5,
 'r1_img': 10,
 'r1_seg': 1000,
 'residual_refine': True,
 'save_every': 5000,
 'seg_dim': 9,
 'size': 256,
 'start_iter': 0,
 'transparent_dims': [3],
 'viz_every': 2000}
n_latent: 20, n_latent_expand: 90
Initializing model with arguments:
{'aug': False,
 'base_layers': 2,
 'batch': 4,
 'channel_multiplier': 2,
 'checkpoint_dir': '/no_backups/g013/checkpoints/cityscapes_256',
 'ckpt': '/no_backups/g013/checkpoints/cityscapes_256/ckpt/030000.pt',
 'coarse_channel': 512,
 'coarse_size': 64,
 'd_reg_every': 16,
 'dataset': '/no_backups/g013/data/lmdb_cityscapes_256',
 'depth_layers': 6,
 'detach_texture': False,
 'distributed': False,
 'g_reg_every': 4,
 'inception': '/no_backups/g013/data/inception_cityscapes_256.pkl',
 'iter': 200001,
 'lambda_mask': 100.0,
 'latent': 512,
 'local_channel': 64,
 'local_layers': 10,
 'local_rank': 0,
 'lr': 0.002,
 'min_feat_size': 16,
 'mixing': 0.3,
 'n_gpu': 1,
 'n_mlp': 8,
 'n_sample': 16,
 'num_workers': 8,
 'path_batch_shrink': 2,
 'path_regularize': 0.5,
 'r1_img': 10,
 'r1_seg': 1000,
 'residual_refine': True,
 'save_every': 5000,
 'seg_dim': 9,
 'size': 256,
 'start_iter': 0,
 'transparent_dims': [3],
 'viz_every': 2000}
n_latent: 20, n_latent_expand: 90
load model: /no_backups/g013/checkpoints/cityscapes_256/ckpt/030000.pt
Loading train dataloader with size  2975
Start Training...
Start Training Iterations...
[030000] d: 0.1857; g: 0.3125; real: 2.3579; fake: -2.3546; r1_img: 0.0035; r1_seg: 0.0004; path: 0.0017; mean path: 0.0004; mask: 0.0068; time: 25.56
[030100] d: 0.2513; g: 2.2273; real: 2.5687; fake: -1.6400; r1_img: 0.0015; r1_seg: 0.0002; path: 0.0008; mean path: 0.0164; mask: 0.0019; time: 1.86
[030200] d: 0.1118; g: 3.5870; real: 2.6954; fake: -3.0561; r1_img: 0.0035; r1_seg: 0.0000; path: 0.0002; mean path: 0.0268; mask: 0.0054; time: 1.85
[030300] d: 0.2024; g: 2.7502; real: 2.2247; fake: -2.3022; r1_img: 0.0085; r1_seg: 0.0002; path: 0.0022; mean path: 0.0326; mask: 0.0019; time: 1.87
[030400] d: 0.4033; g: 1.4155; real: 1.1305; fake: -2.0663; r1_img: 0.0140; r1_seg: 0.0001; path: 0.0109; mean path: 0.0418; mask: 0.0012; time: 2.65
[030500] d: 0.3174; g: 4.6837; real: 1.6174; fake: -1.9448; r1_img: 0.0051; r1_seg: 0.0000; path: 0.0012; mean path: 0.0509; mask: 0.0181; time: 1.87
[030600] d: 0.9669; g: 2.1340; real: 0.9075; fake: -0.1577; r1_img: 0.0104; r1_seg: 0.0002; path: 0.0009; mean path: 0.0543; mask: 0.0004; time: 1.87
[030700] d: 0.3469; g: 3.5185; real: 1.5677; fake: -2.0440; r1_img: 0.0111; r1_seg: 0.0002; path: 0.0009; mean path: 0.0547; mask: 0.0019; time: 1.90
[030800] d: 0.3258; g: 1.7247; real: 1.5512; fake: -1.9940; r1_img: 0.0080; r1_seg: 0.0002; path: 0.0001; mean path: 0.0586; mask: 0.0016; time: 2.65
[030900] d: 3.1677; g: 0.3151; real: -3.1021; fake: -3.8915; r1_img: 0.0071; r1_seg: 0.0001; path: 0.0007; mean path: 0.0604; mask: 0.0008; time: 1.90
[031000] d: 0.8551; g: 1.8573; real: 0.6986; fake: -0.6059; r1_img: 0.0056; r1_seg: 0.0000; path: 0.0009; mean path: 0.0597; mask: 0.0008; time: 1.86
[031100] d: 0.1219; g: 6.5393; real: 3.2069; fake: -2.4868; r1_img: 0.0174; r1_seg: 0.0001; path: 0.0001; mean path: 0.0602; mask: 0.0207; time: 1.90
[031200] d: 0.1123; g: 2.4767; real: 2.6100; fake: -3.3566; r1_img: 0.0044; r1_seg: 0.0002; path: 0.0001; mean path: 0.0594; mask: 0.0077; time: 2.62
[031300] d: 2.7763; g: 0.9239; real: -2.6721; fake: -3.4912; r1_img: 0.0123; r1_seg: 0.0002; path: 0.0008; mean path: 0.0579; mask: 0.0006; time: 1.92
[031400] d: 0.9367; g: 0.9476; real: 0.2252; fake: -1.0590; r1_img: 0.0078; r1_seg: 0.0118; path: 0.0007; mean path: 0.0621; mask: 0.0006; time: 1.87
[031500] d: 0.0725; g: 3.4379; real: 3.3112; fake: -3.3213; r1_img: 0.0058; r1_seg: 0.0001; path: 0.0001; mean path: 0.0657; mask: 0.0056; time: 1.92
[031600] d: 1.0081; g: 1.1183; real: 0.5781; fake: -0.3505; r1_img: 0.0090; r1_seg: 0.0001; path: 0.0013; mean path: 0.0671; mask: 0.0009; time: 2.67
[031700] d: 0.9141; g: 1.2416; real: 0.5917; fake: -0.5371; r1_img: 0.0029; r1_seg: 0.0129; path: 0.0012; mean path: 0.0645; mask: 0.0012; time: 1.85
[031800] d: 0.2487; g: 2.7132; real: 2.1862; fake: -1.9354; r1_img: 0.0032; r1_seg: 0.0003; path: 0.0002; mean path: 0.0618; mask: 0.0021; time: 1.89
[031900] d: 0.1815; g: 2.9999; real: 2.2150; fake: -2.5294; r1_img: 0.0045; r1_seg: 0.0002; path: 0.0006; mean path: 0.0610; mask: 0.0056; time: 1.89
[032000] d: 0.5952; g: 0.8663; real: 3.1188; fake: -0.5422; r1_img: 0.0044; r1_seg: 0.0020; path: 0.0031; mean path: 0.0622; mask: 0.0225; time: 2.60
[032100] d: 0.6818; g: 1.5056; real: 0.7974; fake: -1.0511; r1_img: 0.0131; r1_seg: 0.0003; path: 0.0019; mean path: 0.0662; mask: 0.0005; time: 1.86
[032200] d: 1.0432; g: 0.6597; real: 0.1167; fake: -0.7074; r1_img: 0.0010; r1_seg: 0.0000; path: 0.0010; mean path: 0.0698; mask: 0.0004; time: 1.98
[032300] d: 0.0950; g: 3.2589; real: 3.1864; fake: -2.9021; r1_img: 0.0011; r1_seg: 0.0001; path: 0.0010; mean path: 0.0719; mask: 0.0009; time: 2.00
[032400] d: 0.3816; g: 1.8011; real: 1.0413; fake: -2.5146; r1_img: 0.0026; r1_seg: 0.0000; path: 0.0010; mean path: 0.0687; mask: 0.0010; time: 2.77
[032500] d: 0.5449; g: 1.8467; real: 1.1103; fake: -1.2503; r1_img: 0.0018; r1_seg: 0.0007; path: 0.0008; mean path: 0.0674; mask: 0.0016; time: 2.01
[032600] d: 0.2910; g: 1.9668; real: 1.4494; fake: -2.7252; r1_img: 0.0079; r1_seg: 0.0004; path: 0.0006; mean path: 0.0639; mask: 0.0026; time: 1.89
[032700] d: 0.6029; g: 2.1753; real: 1.3855; fake: -0.7953; r1_img: 0.0136; r1_seg: 0.0001; path: 0.0013; mean path: 0.0609; mask: 0.0005; time: 2.04
[032800] d: 0.1462; g: 2.8127; real: 2.4336; fake: -3.0378; r1_img: 0.0067; r1_seg: 0.0001; path: 0.0041; mean path: 0.0625; mask: 0.0024; time: 2.64
[032900] d: 0.1548; g: 2.6876; real: 2.3112; fake: -2.8307; r1_img: 0.0053; r1_seg: 0.0000; path: 0.0094; mean path: 0.0634; mask: 0.0132; time: 1.98
[033000] d: 0.4299; g: 2.4794; real: 1.5107; fake: -1.4854; r1_img: 0.0054; r1_seg: 0.0003; path: 0.0002; mean path: 0.0647; mask: 0.0015; time: 1.94
[033100] d: 0.4531; g: 2.4169; real: 1.4183; fake: -1.3505; r1_img: 0.0066; r1_seg: 0.0001; path: 0.0004; mean path: 0.0640; mask: 0.0012; time: 1.98
[033200] d: 0.7776; g: 1.7212; real: 1.8390; fake: -0.1956; r1_img: 0.0137; r1_seg: 0.0001; path: 0.0010; mean path: 0.0655; mask: 0.0003; time: 2.73
[033300] d: 0.9833; g: 0.6798; real: -0.3024; fake: -2.0242; r1_img: 0.0074; r1_seg: 0.0000; path: 0.0004; mean path: 0.0631; mask: 0.0002; time: 1.99
[033400] d: 0.4928; g: 1.1360; real: 0.8973; fake: -1.8509; r1_img: 0.0080; r1_seg: 0.0000; path: 0.0014; mean path: 0.0608; mask: 0.0006; time: 1.99
[033500] d: 0.7915; g: 1.2155; real: 0.4768; fake: -1.0788; r1_img: 0.0160; r1_seg: 0.0000; path: 0.0003; mean path: 0.0676; mask: 0.0003; time: 1.89
[033600] d: 0.2385; g: 0.3912; real: 2.4532; fake: -1.8177; r1_img: 0.0109; r1_seg: 0.0020; path: 0.0013; mean path: 0.0650; mask: 0.0038; time: 2.68
[033700] d: 0.3829; g: 1.6599; real: 1.0459; fake: -2.5717; r1_img: 0.0071; r1_seg: 0.0004; path: 0.0006; mean path: 0.0645; mask: 0.0015; time: 1.91
[033800] d: 0.8570; g: 2.8532; real: 2.2636; fake: 0.0034; r1_img: 0.0066; r1_seg: 0.0002; path: 0.0021; mean path: 0.0645; mask: 0.0006; time: 1.91
[033900] d: 0.1783; g: 2.7514; real: 2.1473; fake: -2.7417; r1_img: 0.0078; r1_seg: 0.0003; path: 0.0007; mean path: 0.0638; mask: 0.0040; time: 1.91
[034000] d: 0.1569; g: 2.4426; real: 2.2986; fake: -2.8252; r1_img: 0.0075; r1_seg: 0.0001; path: 0.0003; mean path: 0.0635; mask: 0.0028; time: 2.74
[034100] d: 0.0530; g: 3.7495; real: 3.4972; fake: -3.8388; r1_img: 0.0067; r1_seg: 0.0001; path: 0.0006; mean path: 0.0614; mask: 0.0044; time: 1.91
[034200] d: 0.4458; g: 1.9245; real: 1.7865; fake: -1.0921; r1_img: 0.0112; r1_seg: 0.0002; path: 0.0012; mean path: 0.0612; mask: 0.0007; time: 1.89
[034300] d: 0.0560; g: 3.7470; real: 3.4565; fake: -3.7008; r1_img: 0.0032; r1_seg: 0.0001; path: 0.0010; mean path: 0.0649; mask: 0.0037; time: 1.88
[034400] d: 0.1292; g: 1.1827; real: 2.4715; fake: -3.0192; r1_img: 0.0053; r1_seg: 0.0002; path: 0.0005; mean path: 0.0643; mask: 0.0041; time: 2.69
[034500] d: 0.8099; g: 1.3494; real: 0.7505; fake: -0.6509; r1_img: 0.0092; r1_seg: 0.0003; path: 0.0005; mean path: 0.0636; mask: 0.0004; time: 2.01
[034600] d: 1.0385; g: 1.2802; real: 0.5030; fake: -0.2980; r1_img: 0.0153; r1_seg: 0.0011; path: 0.0008; mean path: 0.0624; mask: 0.0004; time: 1.97
[034700] d: 0.0940; g: 3.5562; real: 2.8446; fake: -3.4851; r1_img: 0.0055; r1_seg: 0.0000; path: 0.0005; mean path: 0.0628; mask: 0.0036; time: 1.98
[034800] d: 4.2803; g: 0.0681; real: -4.2661; fake: -8.6179; r1_img: 0.0008; r1_seg: 0.0000; path: 0.0002; mean path: 0.0632; mask: 0.0054; time: 2.79
[034900] d: 0.4414; g: 2.2144; real: 1.1814; fake: -1.9410; r1_img: 0.0049; r1_seg: 0.0002; path: 0.0075; mean path: 0.0648; mask: 0.0204; time: 1.93
[035000] d: 0.6567; g: 1.6721; real: 1.0910; fake: -0.9233; r1_img: 0.0119; r1_seg: 0.0242; path: 0.0040; mean path: 0.0631; mask: 0.0031; time: 1.92
==================Start calculating FID==================
Gathering activations...
2000/10000
4000/10000
6000/10000
8000/10000
10000/10000
Calculating Inception Score...
Calculating means and covariances...
Covariances calculated, getting FID...
[val] iteration 035000: FID: 97.5994, IS_mean: 2.2494, IS_std: 0.0369
[035100] d: 0.2672; g: 2.4418; real: 1.7600; fake: -2.2352; r1_img: 0.0104; r1_seg: 0.0002; path: 0.0002; mean path: 0.0618; mask: 0.0019; time: 1.91
[035200] d: 0.5869; g: 1.7373; real: 1.7338; fake: -0.7648; r1_img: 0.0140; r1_seg: 0.0003; path: 0.0000; mean path: 0.0660; mask: 0.0014; time: 2.64
[035300] d: 0.5991; g: 1.7222; real: 0.7845; fake: -1.4128; r1_img: 0.0169; r1_seg: 0.0004; path: 0.0002; mean path: 0.0655; mask: 0.0011; time: 1.97
[035400] d: 0.5425; g: 4.0413; real: 1.9492; fake: -0.6894; r1_img: 0.0049; r1_seg: 0.0000; path: 0.0269; mean path: 0.0678; mask: 0.0068; time: 2.00
[035500] d: 0.6582; g: 3.0569; real: 2.1278; fake: -0.3444; r1_img: 0.0118; r1_seg: 0.0003; path: 0.0006; mean path: 0.0664; mask: 0.0017; time: 1.93
[035600] d: 0.9091; g: 1.8731; real: 2.6597; fake: 0.2703; r1_img: 0.0132; r1_seg: 0.0003; path: 0.0002; mean path: 0.0684; mask: 0.0010; time: 2.65
[035700] d: 1.0135; g: 0.8535; real: -0.0813; fake: -1.2526; r1_img: 0.0112; r1_seg: 0.0000; path: 0.0065; mean path: 0.0662; mask: 0.0003; time: 1.89
[035800] d: 1.0737; g: 1.9748; real: 0.6960; fake: -0.0812; r1_img: 0.0111; r1_seg: 0.0035; path: 0.0002; mean path: 0.0662; mask: 0.0006; time: 2.01
[035900] d: 3.9692; g: 1.5044; real: 2.8868; fake: 3.8947; r1_img: 0.0036; r1_seg: 0.0000; path: 0.0015; mean path: 0.0723; mask: 0.0067; time: 1.91
[036000] d: 0.1657; g: 0.3935; real: 2.8251; fake: -2.2014; r1_img: 0.0094; r1_seg: 0.0028; path: 0.0021; mean path: 0.0767; mask: 0.0049; time: 2.71
[036100] d: 0.7548; g: 0.9886; real: 0.3693; fake: -1.3836; r1_img: 0.0114; r1_seg: 0.0008; path: 0.0015; mean path: 0.0769; mask: 0.0015; time: 1.90
[036200] d: 0.2168; g: 2.5686; real: 2.1159; fake: -2.3131; r1_img: 0.0030; r1_seg: 0.0002; path: 0.0007; mean path: 0.0725; mask: 0.0027; time: 1.92
[036300] d: 0.4685; g: 3.3382; real: 3.1736; fake: -0.7139; r1_img: 0.0040; r1_seg: 0.0002; path: 0.0031; mean path: 0.0678; mask: 0.0029; time: 1.89
[036400] d: 0.0882; g: 2.8588; real: 2.7714; fake: -3.7282; r1_img: 0.0160; r1_seg: 0.0001; path: 0.0087; mean path: 0.0650; mask: 0.0014; time: 2.72
[036500] d: 0.6636; g: 1.6465; real: 1.0772; fake: -0.8304; r1_img: 0.0013; r1_seg: 0.0025; path: 0.0000; mean path: 0.0654; mask: 0.0009; time: 2.01
[036600] d: 0.5962; g: 0.8607; real: 0.3894; fake: -2.7425; r1_img: 0.0085; r1_seg: 0.0001; path: 0.0008; mean path: 0.0670; mask: 0.0009; time: 1.92
[036700] d: 0.6297; g: 1.2517; real: 0.5514; fake: -1.7318; r1_img: 0.0010; r1_seg: 0.0000; path: 0.0017; mean path: 0.0664; mask: 0.0013; time: 1.87
[036800] d: 0.1053; g: 0.7850; real: 2.9911; fake: -2.9875; r1_img: 0.0093; r1_seg: 0.0045; path: 0.0043; mean path: 0.0701; mask: 0.0144; time: 2.68
[036900] d: 1.2114; g: 2.6745; real: 1.3986; fake: 0.5010; r1_img: 0.0016; r1_seg: 0.0000; path: 0.0021; mean path: 0.0689; mask: 0.0017; time: 1.94
[037000] d: 1.1087; g: 1.7456; real: 0.9764; fake: 0.1393; r1_img: 0.0132; r1_seg: 0.0017; path: 0.0305; mean path: 0.0770; mask: 0.0006; time: 1.99
[037100] d: 0.8242; g: 1.6798; real: 1.0440; fake: -0.4448; r1_img: 0.0251; r1_seg: 0.0006; path: 0.0016; mean path: 0.0752; mask: 0.0006; time: 1.93
[037200] d: 1.0404; g: 0.9632; real: 0.7230; fake: -0.1056; r1_img: 0.0030; r1_seg: 0.0000; path: 0.0017; mean path: 0.0749; mask: 0.0010; time: 2.71
[037300] d: 0.4488; g: 1.7981; real: 0.7689; fake: -2.8756; r1_img: 0.0134; r1_seg: 0.0002; path: 0.0002; mean path: 0.0713; mask: 0.0015; time: 2.00
[037400] d: 0.1541; g: 3.1608; real: 2.3470; fake: -2.7587; r1_img: 0.0013; r1_seg: 0.0000; path: 0.0002; mean path: 0.0707; mask: 0.0049; time: 1.89
[037500] d: 0.7387; g: 0.9407; real: 0.1928; fake: -2.0389; r1_img: 0.0116; r1_seg: 0.0001; path: 0.0008; mean path: 0.0687; mask: 0.0008; time: 1.90
[037600] d: 0.7542; g: 0.9278; real: 0.3124; fake: -1.5830; r1_img: 0.0143; r1_seg: 0.0000; path: 0.0002; mean path: 0.0695; mask: 0.0005; time: 2.71
[037700] d: 0.1738; g: 2.6992; real: 2.3043; fake: -2.5824; r1_img: 0.0012; r1_seg: 0.0002; path: 0.0054; mean path: 0.0704; mask: 0.0030; time: 1.88
[037800] d: 0.1801; g: 2.5349; real: 2.2316; fake: -2.5367; r1_img: 0.0034; r1_seg: 0.0000; path: 0.0001; mean path: 0.0662; mask: 0.0102; time: 1.97
[037900] d: 0.4691; g: 2.2540; real: 1.4359; fake: -1.3076; r1_img: 0.0103; r1_seg: 0.0002; path: 0.0007; mean path: 0.0684; mask: 0.0007; time: 2.01
[038000] d: 0.6985; g: 1.3883; real: 1.0695; fake: -0.7355; r1_img: 0.0112; r1_seg: 0.0002; path: 0.0008; mean path: 0.0682; mask: 0.0007; time: 2.69
[038100] d: 0.5751; g: 1.7251; real: 0.8096; fake: -1.4817; r1_img: 0.0185; r1_seg: 0.0006; path: 0.0003; mean path: 0.0676; mask: 0.0007; time: 1.93
[038200] d: 0.1721; g: 2.7225; real: 2.1541; fake: -2.7713; r1_img: 0.0054; r1_seg: 0.0002; path: 0.0003; mean path: 0.0658; mask: 0.0037; time: 1.95
[038300] d: 0.4448; g: 2.4657; real: 1.5562; fake: -1.2669; r1_img: 0.0074; r1_seg: 0.0006; path: 0.0008; mean path: 0.0675; mask: 0.0013; time: 1.96
[038400] d: 6.5622; g: 0.6311; real: -6.5605; fake: -8.0479; r1_img: 0.0005; r1_seg: 0.0000; path: 0.0000; mean path: 0.0720; mask: 0.0079; time: 2.71
[038500] d: 2.2965; g: 1.0067; real: -2.1607; fake: -3.9725; r1_img: 0.0127; r1_seg: 0.0001; path: 0.0011; mean path: 0.0718; mask: 0.0013; time: 1.96
[038600] d: 0.2017; g: 2.8179; real: 2.1196; fake: -2.4138; r1_img: 0.0062; r1_seg: 0.0003; path: 0.0004; mean path: 0.0740; mask: 0.0059; time: 1.97
[038700] d: 0.1481; g: 3.3059; real: 2.4987; fake: -2.7375; r1_img: 0.0007; r1_seg: 0.0000; path: 0.0005; mean path: 0.0744; mask: 0.0040; time: 1.95
[038800] d: 0.2853; g: 0.8819; real: 1.1552; fake: -4.5504; r1_img: 0.0017; r1_seg: 0.0000; path: 0.0008; mean path: 0.0707; mask: 0.0079; time: 2.74
[038900] d: 0.2502; g: 2.8734; real: 1.5439; fake: -3.0379; r1_img: 0.0071; r1_seg: 0.0002; path: 0.0009; mean path: 0.0693; mask: 0.0109; time: 1.93
[039000] d: 0.6171; g: 1.5815; real: 0.7485; fake: -1.3667; r1_img: 0.0303; r1_seg: 0.0006; path: 0.0006; mean path: 0.0673; mask: 0.0009; time: 1.96
[039100] d: 0.1389; g: 3.2204; real: 2.5370; fake: -2.8348; r1_img: 0.0070; r1_seg: 0.0003; path: 0.0008; mean path: 0.0707; mask: 0.0035; time: 1.93
[039200] d: 0.4377; g: 0.6134; real: 1.8023; fake: -1.1177; r1_img: 0.0082; r1_seg: 0.0006; path: 0.0040; mean path: 0.0731; mask: 0.0014; time: 2.65
[039300] d: 0.2355; g: 2.7689; real: 2.0464; fake: -2.1420; r1_img: 0.0148; r1_seg: 0.0001; path: 0.0005; mean path: 0.0743; mask: 0.0022; time: 1.87
[039400] d: 0.5140; g: 1.8695; real: 0.8010; fake: -1.9286; r1_img: 0.0118; r1_seg: 0.0000; path: 0.0016; mean path: 0.0710; mask: 0.0091; time: 1.83
[039500] d: 0.2088; g: 2.6617; real: 1.9036; fake: -2.6611; r1_img: 0.0110; r1_seg: 0.0031; path: 0.0001; mean path: 0.0719; mask: 0.0042; time: 1.89
[039600] d: 0.0788; g: 0.8852; real: 3.2112; fake: -3.2322; r1_img: 0.0058; r1_seg: 0.0003; path: 0.0002; mean path: 0.0736; mask: 0.0037; time: 2.58
[039700] d: 0.6248; g: 1.8676; real: 0.5869; fake: -1.6406; r1_img: 0.0082; r1_seg: 0.0011; path: 0.0407; mean path: 0.0767; mask: 0.0047; time: 1.83
[039800] d: 0.2438; g: 2.5501; real: 2.1067; fake: -1.9915; r1_img: 0.0060; r1_seg: 0.0004; path: 0.0011; mean path: 0.0757; mask: 0.0039; time: 1.85
[039900] d: 1.0602; g: 0.0352; real: -0.6122; fake: -5.3677; r1_img: 0.0114; r1_seg: 0.0001; path: 0.0032; mean path: 0.0769; mask: 0.0051; time: 1.96
[040000] d: 0.1978; g: 1.3697; real: 2.0330; fake: -2.6553; r1_img: 0.0116; r1_seg: 0.0001; path: 0.0048; mean path: 0.0796; mask: 0.0030; time: 2.70
==================Start calculating FID==================
Gathering activations...
2000/10000
4000/10000
6000/10000
8000/10000
10000/10000
Calculating Inception Score...
Calculating means and covariances...
Covariances calculated, getting FID...
[val] iteration 040000: FID: 67.4967, IS_mean: 2.5492, IS_std: 0.0311
[040100] d: 0.8445; g: 1.2928; real: 0.6861; fake: -0.6766; r1_img: 0.0054; r1_seg: 0.0005; path: 0.0016; mean path: 0.0821; mask: 0.0003; time: 1.95
[040200] d: 0.7996; g: 1.2698; real: 0.7746; fake: -0.6937; r1_img: 0.0015; r1_seg: 0.1447; path: 0.0002; mean path: 0.0791; mask: 0.0006; time: 1.88
[040300] d: 0.4593; g: 2.1261; real: 1.3259; fake: -1.5056; r1_img: 0.0224; r1_seg: 0.0002; path: 0.0024; mean path: 0.0799; mask: 0.0006; time: 1.94
[040400] d: 0.4128; g: 1.6922; real: 1.1853; fake: -2.0250; r1_img: 0.0098; r1_seg: 0.0002; path: 0.0023; mean path: 0.0830; mask: 0.0018; time: 2.71
[040500] d: 0.3951; g: 1.3219; real: 0.9255; fake: -2.8390; r1_img: 0.0087; r1_seg: 0.0001; path: 0.0020; mean path: 0.0816; mask: 0.0033; time: 1.92
[040600] d: 0.3302; g: 1.8290; real: 1.7306; fake: -1.7700; r1_img: 0.0085; r1_seg: 0.0001; path: 0.0009; mean path: 0.0821; mask: 0.0026; time: 1.89
[040700] d: 0.3022; g: 2.2191; real: 1.4334; fake: -2.4241; r1_img: 0.0114; r1_seg: 0.0001; path: 0.0074; mean path: 0.0807; mask: 0.0022; time: 1.92
[040800] d: 0.1969; g: 2.2157; real: 2.2230; fake: -2.3670; r1_img: 0.0090; r1_seg: 0.0002; path: 0.0001; mean path: 0.0769; mask: 0.0027; time: 2.71
[040900] d: 0.5795; g: 1.7114; real: 1.1948; fake: -1.0084; r1_img: 0.0150; r1_seg: 0.0002; path: 0.0006; mean path: 0.0759; mask: 0.0009; time: 1.95
[041000] d: 0.6896; g: 0.9755; real: 0.4178; fake: -1.8876; r1_img: 0.0121; r1_seg: 0.0004; path: 0.0021; mean path: 0.0809; mask: 0.0012; time: 1.94
[041100] d: 0.6584; g: 1.7941; real: 0.4222; fake: -1.8178; r1_img: 0.0023; r1_seg: 0.0000; path: 0.0027; mean path: 0.0848; mask: 0.0024; time: 1.91
[041200] d: 1.3656; g: 0.1493; real: -1.0462; fake: -4.7213; r1_img: 0.0010; r1_seg: 0.0000; path: 0.0020; mean path: 0.0845; mask: 0.0216; time: 2.70
[041300] d: 0.4217; g: 1.7707; real: 1.0255; fake: -2.3252; r1_img: 0.0088; r1_seg: 0.0003; path: 0.0046; mean path: 0.0856; mask: 0.0021; time: 1.90
[041400] d: 0.3798; g: 1.9576; real: 1.3543; fake: -1.8800; r1_img: 0.0144; r1_seg: 0.0004; path: 0.0012; mean path: 0.0813; mask: 0.0016; time: 1.90
[041500] d: 0.3787; g: 1.8280; real: 1.7440; fake: -1.4442; r1_img: 0.0094; r1_seg: 0.0001; path: 0.0106; mean path: 0.0841; mask: 0.0009; time: 1.92
[041600] d: 0.1396; g: 2.1680; real: 2.8783; fake: -2.4827; r1_img: 0.0032; r1_seg: 0.0001; path: 0.0027; mean path: 0.0831; mask: 0.0013; time: 2.69
[041700] d: 0.6677; g: 2.0540; real: 1.0037; fake: -0.8800; r1_img: 0.0107; r1_seg: 0.0002; path: 0.0029; mean path: 0.0810; mask: 0.0006; time: 1.91
[041800] d: 0.2183; g: 2.9459; real: 2.1479; fake: -2.2185; r1_img: 0.0019; r1_seg: 0.0002; path: 0.0046; mean path: 0.0807; mask: 0.0029; time: 1.91
[041900] d: 0.1883; g: 4.5878; real: 2.8057; fake: -2.1325; r1_img: 0.0071; r1_seg: 0.0002; path: 0.0011; mean path: 0.0776; mask: 0.0132; time: 1.93
[042000] d: 0.0822; g: 2.2175; real: 3.0902; fake: -3.2658; r1_img: 0.0070; r1_seg: 0.0001; path: 0.0074; mean path: 0.0754; mask: 0.0019; time: 2.67
[042100] d: 0.8493; g: 0.8014; real: -0.2086; fake: -3.0593; r1_img: 0.0116; r1_seg: 0.0001; path: 0.0010; mean path: 0.0759; mask: 0.0007; time: 1.94
[042200] d: 0.5083; g: 1.8169; real: 0.9845; fake: -1.6739; r1_img: 0.0170; r1_seg: 0.0003; path: 0.0008; mean path: 0.0799; mask: 0.0014; time: 1.86
[042300] d: 0.2820; g: 1.5101; real: 1.3582; fake: -2.9496; r1_img: 0.0099; r1_seg: 0.0001; path: 0.0037; mean path: 0.0793; mask: 0.0030; time: 1.91
[042400] d: 0.0852; g: 3.1700; real: 2.6614; fake: -4.2731; r1_img: 0.0100; r1_seg: 0.0001; path: 0.0017; mean path: 0.0796; mask: 0.0036; time: 2.72
[042500] d: 0.3562; g: 2.0792; real: 1.8554; fake: -1.4916; r1_img: 0.0067; r1_seg: 0.0001; path: 0.0024; mean path: 0.0831; mask: 0.0010; time: 1.89
[042600] d: 1.1707; g: 0.8241; real: -0.7240; fake: -3.1575; r1_img: 0.0161; r1_seg: 0.0001; path: 0.0019; mean path: 0.0775; mask: 0.0006; time: 1.91
[042700] d: 0.5052; g: 2.9818; real: 1.5280; fake: -1.0891; r1_img: 0.0059; r1_seg: 0.0007; path: 0.0031; mean path: 0.0754; mask: 0.0023; time: 1.92
[042800] d: 0.7660; g: 0.2236; real: -0.0995; fake: -4.3113; r1_img: 0.0011; r1_seg: 0.0000; path: 0.0083; mean path: 0.0750; mask: 0.0058; time: 2.69
[042900] d: 0.6043; g: 2.4865; real: 1.7858; fake: -0.6600; r1_img: 0.0087; r1_seg: 0.0001; path: 0.0009; mean path: 0.0757; mask: 0.0008; time: 1.91
[043000] d: 0.1779; g: 4.1229; real: 2.9474; fake: -2.0353; r1_img: 0.0042; r1_seg: 0.0001; path: 0.0010; mean path: 0.0767; mask: 0.0039; time: 1.90
[043100] d: 0.6542; g: 0.5474; real: 0.1448; fake: -3.7378; r1_img: 0.0021; r1_seg: 0.0000; path: 0.0012; mean path: 0.0729; mask: 0.0254; time: 1.91
[043200] d: 0.8561; g: 1.5682; real: 0.8535; fake: -0.4491; r1_img: 0.0071; r1_seg: 0.0000; path: 0.0012; mean path: 0.0702; mask: 0.0019; time: 2.64
[043300] d: 0.4570; g: 1.7592; real: 1.0475; fake: -1.8077; r1_img: 0.0046; r1_seg: 0.0001; path: 0.0010; mean path: 0.0692; mask: 0.0049; time: 1.94
[043400] d: 0.6434; g: 0.9606; real: 0.7244; fake: -1.2848; r1_img: 0.0087; r1_seg: 0.0002; path: 0.0006; mean path: 0.0684; mask: 0.0004; time: 1.89
[043500] d: 0.1738; g: 2.9355; real: 2.2600; fake: -2.5880; r1_img: 0.0055; r1_seg: 0.0002; path: 0.0147; mean path: 0.0706; mask: 0.0018; time: 1.90
[043600] d: 0.0969; g: 0.1059; real: 2.8686; fake: -3.2250; r1_img: 0.0044; r1_seg: 0.0004; path: 0.0007; mean path: 0.0712; mask: 0.0037; time: 2.68
[043700] d: 0.5759; g: 1.5120; real: 1.5310; fake: -0.8469; r1_img: 0.0051; r1_seg: 0.0000; path: 0.0009; mean path: 0.0734; mask: 0.0014; time: 1.87
[043800] d: 0.6310; g: 1.4422; real: 1.3490; fake: -0.7453; r1_img: 0.0111; r1_seg: 0.0006; path: 0.0032; mean path: 0.0769; mask: 0.0005; time: 1.86
[043900] d: 1.1559; g: 0.2718; real: -0.6556; fake: -3.0844; r1_img: 0.0094; r1_seg: 0.0000; path: 0.0007; mean path: 0.0770; mask: 0.0008; time: 1.83
[044000] d: 0.6680; g: 1.5240; real: 0.9208; fake: -1.0497; r1_img: 0.0102; r1_seg: 0.0002; path: 0.0073; mean path: 0.0797; mask: 0.0006; time: 2.62
[044100] d: 0.3820; g: 1.9567; real: 1.4914; fake: -1.6489; r1_img: 0.0026; r1_seg: 0.0002; path: 0.0009; mean path: 0.0787; mask: 0.0009; time: 1.84
[044200] d: 0.1198; g: 2.9835; real: 2.7985; fake: -2.7891; r1_img: 0.0007; r1_seg: 0.0000; path: 0.0009; mean path: 0.0803; mask: 0.0017; time: 1.87
[044300] d: 0.8742; g: 1.3895; real: 0.4278; fake: -0.8091; r1_img: 0.0056; r1_seg: 0.0000; path: 0.0005; mean path: 0.0803; mask: 0.0015; time: 1.90
[044400] d: 0.2057; g: 0.3137; real: 3.3999; fake: -1.7083; r1_img: 0.0063; r1_seg: 0.0228; path: 0.0004; mean path: 0.0757; mask: 0.0272; time: 2.62
[044500] d: 0.3334; g: 1.8837; real: 1.1053; fake: -3.1179; r1_img: 0.0058; r1_seg: 0.0003; path: 0.0017; mean path: 0.0768; mask: 0.0032; time: 1.89
[044600] d: 0.2093; g: 2.8228; real: 2.2374; fake: -2.1828; r1_img: 0.0031; r1_seg: 0.0000; path: 0.0002; mean path: 0.0777; mask: 0.0036; time: 1.94
[044700] d: 0.1484; g: 2.3699; real: 2.2592; fake: -3.0756; r1_img: 0.0026; r1_seg: 0.0000; path: 0.0014; mean path: 0.0763; mask: 0.0148; time: 1.91
[044800] d: 0.3520; g: 0.6917; real: 3.0574; fake: -1.0392; r1_img: 0.0142; r1_seg: 0.0028; path: 0.0017; mean path: 0.0737; mask: 0.0056; time: 2.66
[044900] d: 0.6294; g: 1.1699; real: 0.5146; fake: -1.8117; r1_img: 0.0099; r1_seg: 0.0004; path: 0.0028; mean path: 0.0731; mask: 0.0011; time: 1.88
[045000] d: 0.1746; g: 2.3752; real: 2.4821; fake: -2.3420; r1_img: 0.0037; r1_seg: 0.0002; path: 0.0061; mean path: 0.0763; mask: 0.0021; time: 1.85
==================Start calculating FID==================
Gathering activations...
2000/10000
4000/10000
6000/10000
8000/10000
10000/10000
Calculating Inception Score...
Calculating means and covariances...
Covariances calculated, getting FID...
[val] iteration 045000: FID: 65.7421, IS_mean: 2.2854, IS_std: 0.0430
[045100] d: 0.3520; g: 2.3308; real: 1.8405; fake: -1.4955; r1_img: 0.0056; r1_seg: 0.0045; path: 0.0327; mean path: 0.0763; mask: 0.0018; time: 1.94
[045200] d: 3.7712; g: 0.6013; real: -3.7405; fake: -4.9480; r1_img: 0.0014; r1_seg: 0.0001; path: 0.0020; mean path: 0.0780; mask: 0.0064; time: 2.66
[045300] d: 0.5893; g: 1.2400; real: 0.8327; fake: -1.3972; r1_img: 0.0045; r1_seg: 0.0002; path: 0.0011; mean path: 0.0781; mask: 0.0012; time: 1.93
[045400] d: 0.6387; g: 1.3366; real: 0.7422; fake: -1.4259; r1_img: 0.0078; r1_seg: 0.0034; path: 0.0004; mean path: 0.0807; mask: 0.0007; time: 1.91
[045500] d: 0.8618; g: 1.8521; real: 1.7450; fake: -0.0234; r1_img: 0.0281; r1_seg: 0.0006; path: 0.0010; mean path: 0.0816; mask: 0.0008; time: 1.91
[045600] d: 0.6750; g: 1.0275; real: 0.2486; fake: -2.3407; r1_img: 0.0099; r1_seg: 0.0001; path: 0.0018; mean path: 0.0807; mask: 0.0008; time: 2.61
[045700] d: 0.5590; g: 1.3735; real: 0.6682; fake: -2.1366; r1_img: 0.0155; r1_seg: 0.0002; path: 0.0084; mean path: 0.0800; mask: 0.0008; time: 1.86
[045800] d: 0.4236; g: 1.7162; real: 1.7197; fake: -1.2439; r1_img: 0.0029; r1_seg: 0.0000; path: 0.0009; mean path: 0.0803; mask: 0.0043; time: 1.84
[045900] d: 0.1049; g: 3.2539; real: 2.6523; fake: -3.3982; r1_img: 0.0056; r1_seg: 0.0005; path: 0.0019; mean path: 0.0799; mask: 0.0125; time: 1.86
[046000] d: 0.2349; g: 0.9524; real: 2.0066; fake: -2.2305; r1_img: 0.0109; r1_seg: 0.0003; path: 0.0014; mean path: 0.0796; mask: 0.0036; time: 2.51
[046100] d: 0.5722; g: 1.3179; real: 1.0785; fake: -1.2517; r1_img: 0.0072; r1_seg: 0.0000; path: 0.0007; mean path: 0.0845; mask: 0.0005; time: 1.84
[046200] d: 0.6772; g: 1.3474; real: 0.8705; fake: -0.9784; r1_img: 0.0144; r1_seg: 0.0001; path: 0.0018; mean path: 0.0868; mask: 0.0005; time: 1.83
[046300] d: 0.5160; g: 1.8213; real: 1.1168; fake: -1.4247; r1_img: 0.0106; r1_seg: 0.0001; path: 0.0094; mean path: 0.0866; mask: 0.0012; time: 1.85
[046400] d: 0.7156; g: 0.8261; real: 0.0395; fake: -3.2340; r1_img: 0.0019; r1_seg: 0.0000; path: 0.0015; mean path: 0.0874; mask: 0.0030; time: 2.63
[046500] d: 0.3129; g: 2.2023; real: 1.5532; fake: -2.1212; r1_img: 0.0051; r1_seg: 0.0005; path: 0.0014; mean path: 0.0855; mask: 0.0051; time: 1.86
[046600] d: 0.6534; g: 1.6717; real: 1.0341; fake: -0.9022; r1_img: 0.0095; r1_seg: 0.0007; path: 0.0011; mean path: 0.0845; mask: 0.0008; time: 1.85
[046700] d: 0.2331; g: 3.2975; real: 2.2526; fake: -2.0026; r1_img: 0.0085; r1_seg: 0.0001; path: 0.0003; mean path: 0.0850; mask: 0.0065; time: 1.85
[046800] d: 0.4019; g: 1.6615; real: 1.1449; fake: -2.2414; r1_img: 0.0040; r1_seg: 0.0000; path: 0.0014; mean path: 0.0852; mask: 0.0016; time: 2.62
[046900] d: 0.4034; g: 2.5782; real: 1.0879; fake: -2.3072; r1_img: 0.0037; r1_seg: 0.0000; path: 0.0021; mean path: 0.0830; mask: 0.0135; time: 1.85
[047000] d: 0.9919; g: 1.1750; real: 0.0692; fake: -0.9935; r1_img: 0.0085; r1_seg: 0.0057; path: 0.0003; mean path: 0.0820; mask: 0.0010; time: 1.77
[047100] d: 0.5148; g: 2.5707; real: 2.1319; fake: -0.7264; r1_img: 0.0262; r1_seg: 0.0001; path: 0.0019; mean path: 0.0846; mask: 0.0011; time: 1.77
[047200] d: 0.3360; g: 1.4610; real: 1.2033; fake: -2.7267; r1_img: 0.0048; r1_seg: 0.0001; path: 0.0161; mean path: 0.0935; mask: 0.0031; time: 2.51
[047300] d: 0.6613; g: 1.5392; real: 1.0931; fake: -0.8392; r1_img: 0.0138; r1_seg: 0.0001; path: 0.0021; mean path: 0.0873; mask: 0.0005; time: 1.76
[047400] d: 0.6946; g: 0.9678; real: 0.2386; fake: -2.2373; r1_img: 0.0219; r1_seg: 0.0002; path: 0.0181; mean path: 0.0910; mask: 0.0008; time: 1.77
[047500] d: 0.2004; g: 3.2743; real: 2.3880; fake: -2.1570; r1_img: 0.0080; r1_seg: 0.0001; path: 0.0014; mean path: 0.0863; mask: 0.0135; time: 1.76
[047600] d: 0.7652; g: 1.4302; real: 0.9641; fake: -0.6596; r1_img: 0.0190; r1_seg: 0.0002; path: 0.0179; mean path: 0.0858; mask: 0.0005; time: 2.52
[047700] d: 0.6007; g: 1.9344; real: 1.3401; fake: -0.8199; r1_img: 0.0147; r1_seg: 0.0004; path: 0.0011; mean path: 0.0901; mask: 0.0012; time: 1.78
[047800] d: 0.4681; g: 1.5289; real: 1.2469; fake: -1.5208; r1_img: 0.0192; r1_seg: 0.0003; path: 0.0003; mean path: 0.0874; mask: 0.0009; time: 1.77
[047900] d: 0.7158; g: 3.9132; real: 2.8636; fake: -0.1770; r1_img: 0.0133; r1_seg: 0.0003; path: 0.0024; mean path: 0.0886; mask: 0.0023; time: 1.77
[048000] d: 6.3169; g: 0.5867; real: -6.3147; fake: -7.8469; r1_img: 0.0010; r1_seg: 0.0000; path: 0.0001; mean path: 0.0954; mask: 0.0056; time: 2.52
[048100] d: 0.4422; g: 1.9120; real: 1.7764; fake: -1.1383; r1_img: 0.0167; r1_seg: 0.0001; path: 0.0038; mean path: 0.0924; mask: 0.0011; time: 1.74
[048200] d: 0.1244; g: 3.1536; real: 2.7544; fake: -2.7553; r1_img: 0.0054; r1_seg: 0.0003; path: 0.0077; mean path: 0.0925; mask: 0.0024; time: 1.77
[048300] d: 1.3847; g: 3.2203; real: 2.4826; fake: 0.9810; r1_img: 0.0051; r1_seg: 0.0000; path: 0.0010; mean path: 0.0901; mask: 0.0012; time: 1.78
[048400] d: 0.1105; g: 0.2541; real: 3.5688; fake: -2.5652; r1_img: 0.0064; r1_seg: 0.0149; path: 0.0027; mean path: 0.0858; mask: 0.0136; time: 2.50
[048500] d: 0.7207; g: 1.3143; real: 0.8179; fake: -0.8868; r1_img: 0.0200; r1_seg: 0.0004; path: 0.0011; mean path: 0.0881; mask: 0.0008; time: 1.77
[048600] d: 0.3198; g: 2.0931; real: 1.3953; fake: -2.3798; r1_img: 0.0024; r1_seg: 0.0000; path: 0.0034; mean path: 0.0906; mask: 0.0102; time: 1.77
[048700] d: 0.1531; g: 2.5513; real: 2.2052; fake: -3.0635; r1_img: 0.0100; r1_seg: 0.0001; path: 0.0022; mean path: 0.0968; mask: 0.0054; time: 1.76
[048800] d: 0.5161; g: 1.3883; real: 1.5597; fake: -1.0815; r1_img: 0.0086; r1_seg: 0.0002; path: 0.0014; mean path: 0.1002; mask: 0.0008; time: 2.53
[048900] d: 0.1600; g: 2.9751; real: 2.4836; fake: -2.5293; r1_img: 0.0058; r1_seg: 0.0001; path: 0.0037; mean path: 0.0990; mask: 0.0034; time: 1.75
[049000] d: 0.6134; g: 2.0372; real: 1.5111; fake: -0.7093; r1_img: 0.0147; r1_seg: 0.0002; path: 0.0021; mean path: 0.0928; mask: 0.0008; time: 1.76
[049100] d: 0.1909; g: 2.7406; real: 2.2531; fake: -2.3741; r1_img: 0.0068; r1_seg: 0.0000; path: 0.0001; mean path: 0.1015; mask: 0.0031; time: 1.84
[049200] d: 0.3194; g: 1.3373; real: 2.0731; fake: -1.5745; r1_img: 0.0142; r1_seg: 0.0003; path: 0.0068; mean path: 0.1020; mask: 0.0020; time: 2.62
[049300] d: 0.1692; g: 2.6661; real: 2.4413; fake: -2.4214; r1_img: 0.0023; r1_seg: 0.0001; path: 0.0035; mean path: 0.0999; mask: 0.0020; time: 1.81
[049400] d: 0.1360; g: 3.1954; real: 2.9184; fake: -2.5234; r1_img: 0.0027; r1_seg: 0.0002; path: 0.0028; mean path: 0.0967; mask: 0.0046; time: 1.84
[049500] d: 0.8413; g: 2.4421; real: 0.9689; fake: -0.4994; r1_img: 0.0105; r1_seg: 0.0121; path: 0.0014; mean path: 0.0978; mask: 0.0010; time: 1.83
[049600] d: 3.0915; g: 0.1056; real: -3.0375; fake: -5.4596; r1_img: 0.0010; r1_seg: 0.0000; path: 0.0021; mean path: 0.0971; mask: 0.0072; time: 2.59
[049700] d: 2.3588; g: 0.9010; real: -2.2387; fake: -4.0796; r1_img: 0.0051; r1_seg: 0.0002; path: 0.0007; mean path: 0.0988; mask: 0.0019; time: 1.82
[049800] d: 1.0372; g: 0.4211; real: -0.5389; fake: -3.3347; r1_img: 0.0072; r1_seg: 0.0001; path: 0.0027; mean path: 0.1017; mask: 0.0011; time: 1.84
[049900] d: 0.1356; g: 2.9740; real: 2.7610; fake: -2.6856; r1_img: 0.0056; r1_seg: 0.0002; path: 0.0066; mean path: 0.1064; mask: 0.0026; time: 1.81
[050000] d: 1.0595; g: 0.7744; real: -0.2250; fake: -1.4655; r1_img: 0.0046; r1_seg: 0.0000; path: 0.0004; mean path: 0.1016; mask: 0.0006; time: 2.60
==================Start calculating FID==================
Gathering activations...
2000/10000
4000/10000
6000/10000
8000/10000
10000/10000
Calculating Inception Score...
Calculating means and covariances...
Covariances calculated, getting FID...
[val] iteration 050000: FID: 61.6046, IS_mean: 2.1890, IS_std: 0.0559
[050100] d: 0.6655; g: 1.4914; real: 0.7287; fake: -1.2181; r1_img: 0.0142; r1_seg: 0.0003; path: 0.0050; mean path: 0.1024; mask: 0.0008; time: 1.83
[050200] d: 0.6089; g: 1.6888; real: 1.5030; fake: -0.7675; r1_img: 0.0080; r1_seg: 0.0009; path: 0.0025; mean path: 0.0997; mask: 0.0007; time: 1.84
[050300] d: 0.2595; g: 2.1786; real: 2.4378; fake: -1.6741; r1_img: 0.0037; r1_seg: 0.0000; path: 0.0072; mean path: 0.0962; mask: 0.0015; time: 1.85
[050400] d: 0.4147; g: 1.1785; real: 1.5001; fake: -1.5015; r1_img: 0.0125; r1_seg: 0.0002; path: 0.0013; mean path: 0.0913; mask: 0.0014; time: 2.60
[050500] d: 0.6852; g: 2.1834; real: 1.1007; fake: -0.8840; r1_img: 0.0038; r1_seg: 0.0000; path: 0.0028; mean path: 0.0890; mask: 0.0011; time: 1.82
[050600] d: 0.2039; g: 2.4473; real: 1.8622; fake: -2.8747; r1_img: 0.0082; r1_seg: 0.0001; path: 0.0008; mean path: 0.0890; mask: 0.0041; time: 1.85
[050700] d: 0.4909; g: 1.4663; real: 0.8436; fake: -2.0629; r1_img: 0.0047; r1_seg: 0.0000; path: 0.0039; mean path: 0.0925; mask: 0.0011; time: 1.84
[050800] d: 0.2190; g: 0.6231; real: 1.4455; fake: -5.2709; r1_img: 0.0019; r1_seg: 0.0000; path: 0.0030; mean path: 0.0898; mask: 0.0043; time: 2.60
[050900] d: 0.5664; g: 1.4353; real: 1.1978; fake: -1.0787; r1_img: 0.0057; r1_seg: 0.0028; path: 0.0018; mean path: 0.0840; mask: 0.0013; time: 1.86
[051000] d: 0.4608; g: 3.3210; real: 2.4669; fake: -0.8149; r1_img: 0.0125; r1_seg: 0.0002; path: 0.0005; mean path: 0.0815; mask: 0.0020; time: 1.82
[051100] d: 0.5265; g: 1.8232; real: 1.1145; fake: -1.4161; r1_img: 0.0091; r1_seg: 0.0004; path: 0.0071; mean path: 0.0863; mask: 0.0008; time: 1.83
[051200] d: 1.0860; g: 0.0430; real: -0.6581; fake: -4.8339; r1_img: 0.0011; r1_seg: 0.0000; path: 0.0003; mean path: 0.0878; mask: 0.0053; time: 2.62
[051300] d: 0.1673; g: 2.7669; real: 2.4123; fake: -2.6817; r1_img: 0.0097; r1_seg: 0.0001; path: 0.0011; mean path: 0.0863; mask: 0.0079; time: 1.82
[051400] d: 0.1774; g: 2.6303; real: 2.3872; fake: -2.3873; r1_img: 0.0028; r1_seg: 0.0001; path: 0.0018; mean path: 0.0823; mask: 0.0009; time: 1.85
[051500] d: 0.1162; g: 2.9982; real: 2.8314; fake: -2.8277; r1_img: 0.0008; r1_seg: 0.0000; path: 0.0009; mean path: 0.0781; mask: 0.0038; time: 1.83
[051600] d: 0.2336; g: 0.3195; real: 2.1043; fake: -2.2753; r1_img: 0.0063; r1_seg: 0.0037; path: 0.0008; mean path: 0.0768; mask: 0.0189; time: 2.69
[051700] d: 0.9351; g: 1.1983; real: 0.6060; fake: -0.4477; r1_img: 0.0063; r1_seg: 0.0082; path: 0.0002; mean path: 0.0767; mask: 0.0009; time: 1.85
[051800] d: 1.0149; g: 1.2970; real: 0.7978; fake: -0.1460; r1_img: 0.0137; r1_seg: 0.0014; path: 0.0163; mean path: 0.0827; mask: 0.0006; time: 1.84
[051900] d: 0.1621; g: 3.1681; real: 2.4624; fake: -2.5321; r1_img: 0.0027; r1_seg: 0.0001; path: 0.0012; mean path: 0.0821; mask: 0.0057; time: 1.84
[052000] d: 0.2385; g: 1.3741; real: 1.9190; fake: -2.3125; r1_img: 0.0078; r1_seg: 0.0003; path: 0.0016; mean path: 0.0823; mask: 0.0085; time: 2.60
[052100] d: 0.8356; g: 1.3801; real: 0.7545; fake: -0.5945; r1_img: 0.0131; r1_seg: 0.0008; path: 0.0008; mean path: 0.0812; mask: 0.0007; time: 1.84
[052200] d: 0.7616; g: 0.5095; real: -0.0443; fake: -3.1286; r1_img: 0.0013; r1_seg: 0.0000; path: 0.0009; mean path: 0.0788; mask: 0.0034; time: 1.81
[052300] d: 0.2251; g: 2.7666; real: 2.1606; fake: -2.2180; r1_img: 0.0110; r1_seg: 0.0002; path: 0.0084; mean path: 0.0824; mask: 0.0023; time: 1.83
[052400] d: 0.9046; g: 1.0609; real: 0.6484; fake: -0.5146; r1_img: 0.0049; r1_seg: 0.0000; path: 0.0011; mean path: 0.0827; mask: 0.0011; time: 2.61
[052500] d: 0.1198; g: 3.3680; real: 2.6263; fake: -2.9954; r1_img: 0.0069; r1_seg: 0.0001; path: 0.0052; mean path: 0.0842; mask: 0.0019; time: 1.82
[052600] d: 0.3980; g: 2.0950; real: 1.3735; fake: -1.6892; r1_img: 0.0047; r1_seg: 0.0009; path: 0.0005; mean path: 0.0820; mask: 0.0015; time: 1.83
[052700] d: 0.1955; g: 1.8060; real: 1.8463; fake: -3.0712; r1_img: 0.0015; r1_seg: 0.0005; path: 0.0037; mean path: 0.0785; mask: 0.0099; time: 1.83
[052800] d: 0.8630; g: 0.8142; real: 0.4629; fake: -0.8262; r1_img: 0.0028; r1_seg: 0.0000; path: 0.0021; mean path: 0.0786; mask: 0.0008; time: 2.60
[052900] d: 0.6765; g: 1.3772; real: 0.5959; fake: -1.3273; r1_img: 0.0104; r1_seg: 0.0007; path: 0.0037; mean path: 0.0771; mask: 0.0012; time: 1.86
[053000] d: 0.6572; g: 0.7830; real: 0.1461; fake: -3.6075; r1_img: 0.0044; r1_seg: 0.0001; path: 0.0152; mean path: 0.0758; mask: 0.0028; time: 1.85
[053100] d: 0.3406; g: 1.7674; real: 1.3019; fake: -2.3867; r1_img: 0.0101; r1_seg: 0.0002; path: 0.0027; mean path: 0.0788; mask: 0.0012; time: 1.84
[053200] d: 0.9207; g: 0.6537; real: -0.2058; fake: -2.1541; r1_img: 0.0038; r1_seg: 0.0000; path: 0.0069; mean path: 0.0790; mask: 0.0012; time: 2.59
[053300] d: 1.6943; g: 0.1915; real: -1.4820; fake: -5.5027; r1_img: 0.0148; r1_seg: 0.0000; path: 0.0010; mean path: 0.0767; mask: 0.0125; time: 1.82
[053400] d: 0.7955; g: 2.1858; real: 1.2773; fake: -0.4297; r1_img: 0.0179; r1_seg: 0.0001; path: 0.0031; mean path: 0.0754; mask: 0.0006; time: 1.82
[053500] d: 0.7070; g: 1.7722; real: 1.0055; fake: -0.7551; r1_img: 0.0143; r1_seg: 0.0011; path: 0.0019; mean path: 0.0785; mask: 0.0006; time: 1.89
[053600] d: 0.1873; g: 0.3522; real: 2.9441; fake: -1.9657; r1_img: 0.0141; r1_seg: 0.0012; path: 0.0005; mean path: 0.0799; mask: 0.0074; time: 2.59
[053700] d: 0.5803; g: 1.8979; real: 0.5917; fake: -2.0432; r1_img: 0.0090; r1_seg: 0.0000; path: 0.0031; mean path: 0.0798; mask: 0.0044; time: 1.85
[053800] d: 0.8677; g: 0.9089; real: 0.2558; fake: -1.0881; r1_img: 0.0104; r1_seg: 0.0050; path: 0.0018; mean path: 0.0810; mask: 0.0007; time: 1.85
[053900] d: 0.4571; g: 1.7644; real: 1.0173; fake: -1.8999; r1_img: 0.0069; r1_seg: 0.0010; path: 0.0008; mean path: 0.0829; mask: 0.0013; time: 1.85
[054000] d: 1.0255; g: 0.8071; real: -0.5346; fake: -4.1843; r1_img: 0.0028; r1_seg: 0.0000; path: 0.0001; mean path: 0.0850; mask: 0.0029; time: 2.59
[054100] d: 0.2239; g: 2.7326; real: 1.9200; fake: -2.4324; r1_img: 0.0071; r1_seg: 0.0000; path: 0.0057; mean path: 0.0829; mask: 0.0207; time: 1.82
[054200] d: 0.1958; g: 3.0453; real: 2.4589; fake: -2.2726; r1_img: 0.0014; r1_seg: 0.0000; path: 0.0028; mean path: 0.0846; mask: 0.0116; time: 1.83
[054300] d: 0.3773; g: 1.6920; real: 1.3037; fake: -2.2940; r1_img: 0.0211; r1_seg: 0.0004; path: 0.0055; mean path: 0.0870; mask: 0.0183; time: 1.83
[054400] d: 0.3595; g: 1.6750; real: 1.2130; fake: -2.4506; r1_img: 0.0067; r1_seg: 0.0001; path: 0.0009; mean path: 0.0889; mask: 0.0013; time: 2.60
[054500] d: 0.6851; g: 1.9348; real: 1.0390; fake: -0.7802; r1_img: 0.0257; r1_seg: 0.0001; path: 0.0007; mean path: 0.0847; mask: 0.0005; time: 1.88
[054600] d: 0.8529; g: 0.6669; real: 0.2081; fake: -1.5063; r1_img: 0.0093; r1_seg: 0.0016; path: 0.0028; mean path: 0.0884; mask: 0.0007; time: 1.84
[054700] d: 0.7878; g: 2.1074; real: 1.1701; fake: -0.4672; r1_img: 0.0225; r1_seg: 0.0001; path: 0.0007; mean path: 0.0858; mask: 0.0005; time: 1.83
[054800] d: 0.1556; g: 0.2121; real: 2.5903; fake: -2.4977; r1_img: 0.0072; r1_seg: 0.0007; path: 0.0002; mean path: 0.0849; mask: 0.0056; time: 2.61
[054900] d: 1.0248; g: 1.2089; real: 0.4488; fake: -0.3630; r1_img: 0.0061; r1_seg: 0.0059; path: 0.0003; mean path: 0.0905; mask: 0.0008; time: 1.82
[055000] d: 0.2034; g: 2.6300; real: 2.0295; fake: -2.5146; r1_img: 0.0036; r1_seg: 0.0000; path: 0.0022; mean path: 0.0910; mask: 0.0057; time: 1.82
==================Start calculating FID==================
Gathering activations...
2000/10000
4000/10000
6000/10000
8000/10000
10000/10000
Calculating Inception Score...
Calculating means and covariances...
Covariances calculated, getting FID...
[val] iteration 055000: FID: 50.4027, IS_mean: 2.6551, IS_std: 0.0534
[055100] d: 0.4572; g: 1.1346; real: 0.6788; fake: -3.8677; r1_img: 0.0015; r1_seg: 0.0000; path: 0.0084; mean path: 0.0903; mask: 0.0018; time: 1.87
[055200] d: 0.5806; g: 0.1158; real: 0.2810; fake: -5.8949; r1_img: 0.0011; r1_seg: 0.0000; path: 0.0013; mean path: 0.0861; mask: 0.0103; time: 2.60
[055300] d: 0.9184; g: 1.1512; real: 0.3271; fake: -0.8345; r1_img: 0.0350; r1_seg: 0.0086; path: 0.1127; mean path: 0.0876; mask: 0.0066; time: 1.85
[055400] d: 0.1365; g: 2.9911; real: 2.5057; fake: -2.8539; r1_img: 0.0088; r1_seg: 0.0002; path: 0.0159; mean path: 0.0913; mask: 0.0052; time: 1.81
[055500] d: 0.5883; g: 1.4612; real: 0.8540; fake: -1.4925; r1_img: 0.0277; r1_seg: 0.0009; path: 0.0015; mean path: 0.0904; mask: 0.0009; time: 1.84
[055600] d: 0.7489; g: 0.3945; real: 2.8191; fake: -0.0412; r1_img: 0.0251; r1_seg: 0.0021; path: 0.0009; mean path: 0.0921; mask: 0.0102; time: 2.57
[055700] d: 0.5872; g: 2.4820; real: 1.5655; fake: -0.7654; r1_img: 0.0132; r1_seg: 0.0001; path: 0.0010; mean path: 0.0901; mask: 0.0004; time: 1.83
[055800] d: 0.7118; g: 1.9245; real: 0.9583; fake: -0.8498; r1_img: 0.0226; r1_seg: 0.0001; path: 0.0045; mean path: 0.0929; mask: 0.0005; time: 1.83
[055900] d: 0.3315; g: 5.5089; real: 2.8359; fake: -1.2109; r1_img: 0.0057; r1_seg: 0.0002; path: 0.0002; mean path: 0.0940; mask: 0.0194; time: 1.82
[056000] d: 0.6755; g: 0.7216; real: 0.5333; fake: -1.4747; r1_img: 0.0085; r1_seg: 0.0001; path: 0.0057; mean path: 0.0939; mask: 0.0007; time: 2.61
[056100] d: 0.4879; g: 1.5008; real: 0.9759; fake: -1.7509; r1_img: 0.0113; r1_seg: 0.0001; path: 0.0029; mean path: 0.0918; mask: 0.0007; time: 1.84
[056200] d: 0.4644; g: 2.2412; real: 1.8782; fake: -1.0210; r1_img: 0.0126; r1_seg: 0.0000; path: 0.0043; mean path: 0.0883; mask: 0.0005; time: 1.85
[056300] d: 0.5701; g: 1.6785; real: 0.8234; fake: -1.5846; r1_img: 0.0090; r1_seg: 0.0000; path: 0.0003; mean path: 0.0915; mask: 0.0006; time: 1.82
[056400] d: 0.6165; g: 1.2961; real: 0.9376; fake: -1.2626; r1_img: 0.0139; r1_seg: 0.0001; path: 0.0017; mean path: 0.0945; mask: 0.0006; time: 2.59
[056500] d: 0.3931; g: 1.7053; real: 1.1026; fake: -2.3303; r1_img: 0.0014; r1_seg: 0.0000; path: 0.0117; mean path: 0.0952; mask: 0.0027; time: 1.84
[056600] d: 0.5190; g: 1.4779; real: 1.0847; fake: -1.4643; r1_img: 0.0186; r1_seg: 0.0003; path: 0.0006; mean path: 0.1000; mask: 0.0008; time: 1.82
[056700] d: 0.5778; g: 1.9497; real: 1.2597; fake: -1.0260; r1_img: 0.0120; r1_seg: 0.0004; path: 0.0023; mean path: 0.1032; mask: 0.0008; time: 1.84
[056800] d: 0.6573; g: 0.9567; real: 0.5040; fake: -1.6247; r1_img: 0.0090; r1_seg: 0.0001; path: 0.0089; mean path: 0.1032; mask: 0.0007; time: 2.56
[056900] d: 0.6959; g: 1.5827; real: 1.0877; fake: -0.7811; r1_img: 0.0250; r1_seg: 0.0004; path: 0.0017; mean path: 0.1014; mask: 0.0006; time: 1.84
[057000] d: 0.4745; g: 1.4434; real: 1.1096; fake: -1.6612; r1_img: 0.0167; r1_seg: 0.0003; path: 0.0093; mean path: 0.1039; mask: 0.0012; time: 1.81
[057100] d: 3.4566; g: 0.2201; real: -3.4219; fake: -6.3916; r1_img: 0.0117; r1_seg: 0.0000; path: 0.0019; mean path: 0.1055; mask: 0.0036; time: 1.86
[057200] d: 0.7638; g: 1.0275; real: 0.3770; fake: -1.3979; r1_img: 0.0017; r1_seg: 0.0007; path: 0.0009; mean path: 0.1020; mask: 0.0030; time: 2.63
[057300] d: 0.3126; g: 3.0252; real: 1.7007; fake: -2.0241; r1_img: 0.0054; r1_seg: 0.0001; path: 0.0029; mean path: 0.0981; mask: 0.0091; time: 1.81
[057400] d: 0.6248; g: 1.1779; real: 0.3069; fake: -2.7805; r1_img: 0.0132; r1_seg: 0.0001; path: 0.0025; mean path: 0.0946; mask: 0.0013; time: 1.85
[057500] d: 0.3489; g: 2.3236; real: 1.7628; fake: -1.6960; r1_img: 0.0155; r1_seg: 0.0003; path: 0.0019; mean path: 0.0932; mask: 0.0022; time: 1.86
[057600] d: 2.5114; g: 0.7911; real: 3.0973; fake: 2.3775; r1_img: 0.0036; r1_seg: 0.0000; path: 0.0030; mean path: 0.0879; mask: 0.0068; time: 2.57
[057700] d: 0.3653; g: 2.0404; real: 1.3101; fake: -2.0152; r1_img: 0.0069; r1_seg: 0.0005; path: 0.0018; mean path: 0.0886; mask: 0.0046; time: 1.85
[057800] d: 0.4542; g: 1.5679; real: 0.8103; fake: -2.5797; r1_img: 0.0009; r1_seg: 0.0000; path: 0.0020; mean path: 0.0908; mask: 0.0153; time: 1.83
[057900] d: 0.6275; g: 2.3954; real: 1.9490; fake: -0.4578; r1_img: 0.0229; r1_seg: 0.0002; path: 0.0030; mean path: 0.0905; mask: 0.0010; time: 1.84
[058000] d: 0.6490; g: 1.1940; real: 2.0481; fake: -0.3740; r1_img: 0.0124; r1_seg: 0.0002; path: 0.0001; mean path: 0.0919; mask: 0.0006; time: 2.59
[058100] d: 0.3248; g: 1.4498; real: 1.6045; fake: -1.9480; r1_img: 0.0037; r1_seg: 0.0006; path: 0.0029; mean path: 0.0958; mask: 0.0016; time: 1.83
[058200] d: 0.6363; g: 1.5479; real: 0.9822; fake: -1.0248; r1_img: 0.0149; r1_seg: 0.0004; path: 0.0010; mean path: 0.0945; mask: 0.0008; time: 1.83
[058300] d: 0.1322; g: 4.0089; real: 2.5426; fake: -2.9092; r1_img: 0.0021; r1_seg: 0.0000; path: 0.0042; mean path: 0.0917; mask: 0.0138; time: 1.80
[058400] d: 0.5434; g: 0.7600; real: 2.4003; fake: -0.5782; r1_img: 0.0221; r1_seg: 0.0022; path: 0.0014; mean path: 0.0897; mask: 0.0071; time: 2.58
[058500] d: 2.2268; g: 0.7228; real: -2.0917; fake: -4.6750; r1_img: 0.0119; r1_seg: 0.0001; path: 0.0019; mean path: 0.0880; mask: 0.0026; time: 1.84
[058600] d: 0.1266; g: 3.4370; real: 2.8123; fake: -2.6683; r1_img: 0.0087; r1_seg: 0.0002; path: 0.0037; mean path: 0.0890; mask: 0.0110; time: 1.82
[058700] d: 0.1174; g: 2.7302; real: 2.9514; fake: -2.7085; r1_img: 0.0138; r1_seg: 0.0001; path: 0.0178; mean path: 0.0877; mask: 0.0045; time: 1.83
[058800] d: 0.3926; g: 22.9573; real: 1.3182; fake: -3.5639; r1_img: 0.0021; r1_seg: 0.0000; path: 0.0336; mean path: 0.0918; mask: 0.0020; time: 2.60
[058900] d: 0.4045; g: 2.0628; real: 1.5806; fake: -1.4273; r1_img: 0.0084; r1_seg: 0.0001; path: 0.0019; mean path: 0.0919; mask: 0.0011; time: 1.83
[059000] d: 0.4590; g: 1.5133; real: 0.8804; fake: -2.3465; r1_img: 0.0202; r1_seg: 0.0004; path: 0.0034; mean path: 0.0864; mask: 0.0018; time: 1.86
[059100] d: 0.7574; g: 2.3354; real: 1.3169; fake: -0.3963; r1_img: 0.0109; r1_seg: 0.0001; path: 0.0017; mean path: 0.0855; mask: 0.0038; time: 1.85
[059200] d: 0.7264; g: 0.8594; real: 1.1378; fake: -0.6153; r1_img: 0.0031; r1_seg: 0.0004; path: 0.0029; mean path: 0.0888; mask: 0.0013; time: 2.62
[059300] d: 0.1872; g: 2.4880; real: 2.5860; fake: -2.1327; r1_img: 0.0031; r1_seg: 0.0001; path: 0.0101; mean path: 0.0899; mask: 0.0019; time: 1.85
[059400] d: 0.5743; g: 1.3734; real: 1.2750; fake: -0.9652; r1_img: 0.0351; r1_seg: 0.0004; path: 0.0021; mean path: 0.0879; mask: 0.0008; time: 1.82
[059500] d: 0.5310; g: 1.8941; real: 1.1376; fake: -1.3424; r1_img: 0.0123; r1_seg: 0.0002; path: 0.0017; mean path: 0.0862; mask: 0.0014; time: 1.83
[059600] d: 0.3280; g: 1.7771; real: 1.7699; fake: -1.7087; r1_img: 0.0033; r1_seg: 0.0001; path: 0.0023; mean path: 0.0894; mask: 0.0047; time: 2.60
[059700] d: 0.4544; g: 1.5804; real: 1.0459; fake: -2.0163; r1_img: 0.0007; r1_seg: 0.0000; path: 0.0028; mean path: 0.0873; mask: 0.0021; time: 1.86
[059800] d: 0.2322; g: 2.5441; real: 1.7312; fake: -2.8678; r1_img: 0.0023; r1_seg: 0.0000; path: 0.0002; mean path: 0.0852; mask: 0.0108; time: 1.85
[059900] d: 0.1627; g: 3.1580; real: 2.8764; fake: -2.2524; r1_img: 0.0134; r1_seg: 0.0001; path: 0.0012; mean path: 0.0826; mask: 0.0064; time: 1.83
[060000] d: 0.3847; g: 1.3742; real: 2.0232; fake: -1.2675; r1_img: 0.0167; r1_seg: 0.0002; path: 0.0189; mean path: 0.0845; mask: 0.0014; time: 2.64
==================Start calculating FID==================
Gathering activations...
2000/10000
4000/10000
6000/10000
8000/10000
10000/10000
Calculating Inception Score...
Calculating means and covariances...
Covariances calculated, getting FID...
[val] iteration 060000: FID: 52.2337, IS_mean: 2.7047, IS_std: 0.0549
[060100] d: 0.2873; g: 2.1216; real: 1.7854; fake: -1.9776; r1_img: 0.0045; r1_seg: 0.0000; path: 0.0013; mean path: 0.0887; mask: 0.0009; time: 1.83
[060200] d: 0.3841; g: 3.4194; real: 1.9198; fake: -1.4593; r1_img: 0.0035; r1_seg: 0.0000; path: 0.0008; mean path: 0.0848; mask: 0.0063; time: 1.82
[060300] d: 0.5068; g: 0.1365; real: 0.5005; fake: -4.8048; r1_img: 0.0071; r1_seg: 0.0001; path: 0.0000; mean path: 0.0813; mask: 0.0042; time: 1.82
[060400] d: 0.3739; g: 1.4063; real: 1.1322; fake: -2.5124; r1_img: 0.0049; r1_seg: 0.0000; path: 0.0007; mean path: 0.0838; mask: 0.0041; time: 2.60
[060500] d: 0.3491; g: 1.9701; real: 1.6351; fake: -1.7855; r1_img: 0.0054; r1_seg: 0.0001; path: 0.0027; mean path: 0.0872; mask: 0.0021; time: 1.80
[060600] d: 0.2828; g: 2.5827; real: 1.6919; fake: -2.2499; r1_img: 0.0066; r1_seg: 0.0001; path: 0.0033; mean path: 0.0854; mask: 0.0039; time: 1.83
[060700] d: 0.2078; g: 3.4790; real: 1.9494; fake: -2.8204; r1_img: 0.0014; r1_seg: 0.0000; path: 0.0034; mean path: 0.0849; mask: 0.0159; time: 1.83
[060800] d: 0.2721; g: 0.2812; real: 3.0169; fake: -1.4194; r1_img: 0.0214; r1_seg: 0.0057; path: 0.0007; mean path: 0.0854; mask: 0.0107; time: 2.59
[060900] d: 0.5024; g: 1.7668; real: 1.0531; fake: -1.5701; r1_img: 0.0225; r1_seg: 0.0003; path: 0.0012; mean path: 0.0953; mask: 0.0007; time: 1.85
[061000] d: 0.4347; g: 1.8856; real: 2.3765; fake: -0.9334; r1_img: 0.0191; r1_seg: 0.0003; path: 0.0015; mean path: 0.0960; mask: 0.0014; time: 1.85
[061100] d: 0.6384; g: 2.8881; real: 2.2588; fake: -0.3609; r1_img: 0.0205; r1_seg: 0.0004; path: 0.0063; mean path: 0.0983; mask: 0.0014; time: 1.80
[061200] d: 1.0187; g: 0.8694; real: 2.6909; fake: 0.4555; r1_img: 0.0131; r1_seg: 0.0010; path: 0.0013; mean path: 0.0989; mask: 0.0032; time: 2.57
[061300] d: 0.5814; g: 1.7337; real: 1.4287; fake: -0.8430; r1_img: 0.0211; r1_seg: 0.0002; path: 0.0021; mean path: 0.0973; mask: 0.0006; time: 1.85
[061400] d: 0.2301; g: 2.5997; real: 2.3509; fake: -1.9458; r1_img: 0.0097; r1_seg: 0.0002; path: 0.0015; mean path: 0.1002; mask: 0.0029; time: 1.83
[061500] d: 0.4289; g: 1.7784; real: 0.9000; fake: -2.5942; r1_img: 0.0146; r1_seg: 0.0003; path: 0.0015; mean path: 0.1023; mask: 0.0020; time: 1.82
[061600] d: 0.2163; g: 1.6927; real: 2.0513; fake: -2.3407; r1_img: 0.0064; r1_seg: 0.0002; path: 0.0004; mean path: 0.1031; mask: 0.0039; time: 2.60
[061700] d: 1.0627; g: 0.0782; real: -0.5926; fake: -4.8428; r1_img: 0.0089; r1_seg: 0.0001; path: 0.0175; mean path: 0.1065; mask: 0.0027; time: 1.84
[061800] d: 0.3693; g: 2.0486; real: 1.6832; fake: -1.5671; r1_img: 0.0007; r1_seg: 0.0000; path: 0.0002; mean path: 0.1097; mask: 0.0006; time: 1.82
[061900] d: 0.1608; g: 2.5854; real: 2.4759; fake: -2.5146; r1_img: 0.0150; r1_seg: 0.0002; path: 0.0051; mean path: 0.1083; mask: 0.0030; time: 1.81
[062000] d: 0.4043; g: 1.5597; real: 1.2825; fake: -1.7993; r1_img: 0.0138; r1_seg: 0.0002; path: 0.0001; mean path: 0.1044; mask: 0.0027; time: 2.59
[062100] d: 0.4992; g: 1.7129; real: 1.2954; fake: -1.2568; r1_img: 0.0054; r1_seg: 0.0004; path: 0.0024; mean path: 0.1000; mask: 0.0023; time: 1.84
[062200] d: 0.2442; g: 2.6505; real: 1.9418; fake: -2.2239; r1_img: 0.0074; r1_seg: 0.0002; path: 0.0011; mean path: 0.0974; mask: 0.0046; time: 1.83
[062300] d: 0.3416; g: 1.6422; real: 2.3742; fake: -1.2732; r1_img: 0.0114; r1_seg: 0.0003; path: 0.0024; mean path: 0.0990; mask: 0.0020; time: 1.83
[062400] d: 0.2421; g: 0.4672; real: 2.9023; fake: -1.6969; r1_img: 0.0170; r1_seg: 0.0027; path: 0.0011; mean path: 0.0946; mask: 0.0071; time: 2.62
[062500] d: 0.2253; g: 2.2778; real: 2.5294; fake: -1.8712; r1_img: 0.0025; r1_seg: 0.0000; path: 0.0044; mean path: 0.0965; mask: 0.0027; time: 1.86
[062600] d: 0.5342; g: 1.9897; real: 1.4189; fake: -1.0172; r1_img: 0.0306; r1_seg: 0.0005; path: 0.0029; mean path: 0.0966; mask: 0.0009; time: 1.80
[062700] d: 0.5115; g: 2.6420; real: 1.1857; fake: -1.3442; r1_img: 0.0126; r1_seg: 0.0007; path: 0.0004; mean path: 0.1009; mask: 0.0030; time: 1.84
[062800] d: 0.7393; g: 0.6083; real: 0.0529; fake: -2.7494; r1_img: 0.0020; r1_seg: 0.0000; path: 0.0153; mean path: 0.1078; mask: 0.0016; time: 2.60
[062900] d: 0.7096; g: 1.1195; real: 0.6446; fake: -1.1213; r1_img: 0.0126; r1_seg: 0.0113; path: 0.0037; mean path: 0.1059; mask: 0.0016; time: 1.81
[063000] d: 0.2694; g: 2.0979; real: 1.4267; fake: -2.9823; r1_img: 0.0088; r1_seg: 0.0001; path: 0.0027; mean path: 0.1050; mask: 0.0047; time: 1.84
[063100] d: 0.1785; g: 1.4317; real: 2.3187; fake: -2.4972; r1_img: 0.0079; r1_seg: 0.0008; path: 0.0034; mean path: 0.1080; mask: 0.0033; time: 1.83
[063200] d: 0.4704; g: 1.4290; real: 0.8680; fake: -2.2777; r1_img: 0.0063; r1_seg: 0.0001; path: 0.0063; mean path: 0.1040; mask: 0.0014; time: 2.57
[063300] d: 0.3500; g: 1.7084; real: 1.4192; fake: -2.0980; r1_img: 0.0117; r1_seg: 0.0005; path: 0.0051; mean path: 0.1005; mask: 0.0031; time: 1.84
[063400] d: 0.5342; g: 2.3397; real: 1.7205; fake: -0.9191; r1_img: 0.0156; r1_seg: 0.0003; path: 0.0042; mean path: 0.1027; mask: 0.0010; time: 1.84
[063500] d: 0.7358; g: 3.3597; real: 1.6925; fake: -0.3272; r1_img: 0.0209; r1_seg: 0.0022; path: 0.0068; mean path: 0.1037; mask: 0.0009; time: 1.84
[063600] d: 0.5201; g: 1.7802; real: 2.3513; fake: -0.7281; r1_img: 0.0209; r1_seg: 0.0002; path: 0.0051; mean path: 0.1047; mask: 0.0014; time: 2.60
[063700] d: 0.2110; g: 3.0550; real: 2.4629; fake: -2.0573; r1_img: 0.0008; r1_seg: 0.0000; path: 0.0339; mean path: 0.1045; mask: 0.0042; time: 1.82
[063800] d: 0.6891; g: 1.9908; real: 0.8928; fake: -0.9270; r1_img: 0.0342; r1_seg: 0.0004; path: 0.1287; mean path: 0.1063; mask: 0.0012; time: 1.84
[063900] d: 0.4665; g: 3.5585; real: 2.1177; fake: -0.9041; r1_img: 0.0077; r1_seg: 0.0001; path: 0.0026; mean path: 0.1020; mask: 0.0019; time: 1.83
[064000] d: 0.3885; g: 1.1738; real: 1.6281; fake: -1.6614; r1_img: 0.0151; r1_seg: 0.0003; path: 0.0032; mean path: 0.1010; mask: 0.0023; time: 2.60
[064100] d: 0.5035; g: 1.7860; real: 0.6408; fake: -2.6343; r1_img: 0.0015; r1_seg: 0.0000; path: 0.0058; mean path: 0.1072; mask: 0.0023; time: 1.84
[064200] d: 0.3207; g: 1.6711; real: 1.3547; fake: -2.4820; r1_img: 0.0038; r1_seg: 0.0000; path: 0.0049; mean path: 0.1059; mask: 0.0023; time: 1.81
[064300] d: 0.3158; g: 3.2049; real: 1.9396; fake: -1.7883; r1_img: 0.0045; r1_seg: 0.0002; path: 0.0021; mean path: 0.1059; mask: 0.0030; time: 1.81
[064400] d: 0.3271; g: 1.4124; real: 1.5650; fake: -2.1495; r1_img: 0.0115; r1_seg: 0.0001; path: 0.0024; mean path: 0.1075; mask: 0.0034; time: 2.59
[064500] d: 0.5729; g: 1.2624; real: 0.7502; fake: -1.7541; r1_img: 0.0117; r1_seg: 0.0001; path: 0.0006; mean path: 0.1041; mask: 0.0007; time: 1.82
[064600] d: 0.3704; g: 1.9157; real: 1.9647; fake: -1.3386; r1_img: 0.0162; r1_seg: 0.0002; path: 0.0009; mean path: 0.1003; mask: 0.0013; time: 1.84
[064700] d: 0.6073; g: 4.0469; real: 2.8060; fake: -0.4312; r1_img: 0.0091; r1_seg: 0.0002; path: 0.0020; mean path: 0.1016; mask: 0.0036; time: 1.82
[064800] d: 0.5888; g: 1.2639; real: 1.4031; fake: -0.8616; r1_img: 0.0186; r1_seg: 0.0002; path: 0.0064; mean path: 0.1024; mask: 0.0010; time: 2.61
[064900] d: 0.2071; g: 2.3051; real: 2.1750; fake: -2.2756; r1_img: 0.0088; r1_seg: 0.0002; path: 0.0028; mean path: 0.1035; mask: 0.0036; time: 1.81
